{"C:\\Users\\itimu\\my-new-project\\src\\__tests__\\setup.ts": {"path":"C:\\Users\\itimu\\my-new-project\\src\\__tests__\\setup.ts","statementMap":{"0":{"start":{"line":10,"column":0},"end":{"line":16,"column":3}},"1":{"start":{"line":11,"column":2},"end":{"line":15,"column":4}},"2":{"start":{"line":19,"column":0},"end":{"line":37,"column":4}},"3":{"start":{"line":19,"column":33},"end":{"line":37,"column":2}},"4":{"start":{"line":20,"column":22},"end":{"line":20,"column":38}},"5":{"start":{"line":23,"column":27},"end":{"line":23,"column":49}},"6":{"start":{"line":24,"column":4},"end":{"line":27,"column":5}},"7":{"start":{"line":25,"column":6},"end":{"line":25,"column":50}},"8":{"start":{"line":26,"column":6},"end":{"line":26,"column":13}},"9":{"start":{"line":29,"column":4},"end":{"line":35,"column":5}},"10":{"start":{"line":30,"column":6},"end":{"line":30,"column":76}},"11":{"start":{"line":31,"column":11},"end":{"line":35,"column":5}},"12":{"start":{"line":32,"column":6},"end":{"line":32,"column":76}},"13":{"start":{"line":34,"column":6},"end":{"line":34,"column":49}},"14":{"start":{"line":40,"column":0},"end":{"line":45,"column":4}},"15":{"start":{"line":40,"column":29},"end":{"line":45,"column":2}},"16":{"start":{"line":41,"column":22},"end":{"line":41,"column":56}},"17":{"start":{"line":43,"column":4},"end":{"line":43,"column":60}},"18":{"start":{"line":4,"column":0},"end":{"line":4,"column":64}},"19":{"start":{"line":5,"column":0},"end":{"line":5,"column":30}},"20":{"start":{"line":48,"column":13},"end":{"line":63,"column":2}},"21":{"start":{"line":50,"column":17},"end":{"line":50,"column":48}},"22":{"start":{"line":51,"column":4},"end":{"line":51,"column":55}},"23":{"start":{"line":55,"column":17},"end":{"line":55,"column":48}},"24":{"start":{"line":56,"column":4},"end":{"line":56,"column":44}},"25":{"start":{"line":60,"column":17},"end":{"line":60,"column":48}},"26":{"start":{"line":61,"column":4},"end":{"line":61,"column":27}},"27":{"start":{"line":66,"column":13},"end":{"line":113,"column":2}},"28":{"start":{"line":116,"column":0},"end":{"line":116,"column":23}},"29":{"start":{"line":119,"column":24},"end":{"line":119,"column":38}},"30":{"start":{"line":120,"column":0},"end":{"line":127,"column":2}},"31":{"start":{"line":130,"column":0},"end":{"line":134,"column":3}},"32":{"start":{"line":131,"column":2},"end":{"line":131,"column":48}},"33":{"start":{"line":132,"column":2},"end":{"line":132,"column":78}},"34":{"start":{"line":133,"column":2},"end":{"line":133,"column":44}}},"fnMap":{"0":{"name":"(anonymous_0)","decl":{"start":{"line":10,"column":34},"end":{"line":10,"column":37}},"loc":{"start":{"line":10,"column":39},"end":{"line":16,"column":1}}},"1":{"name":"(anonymous_1)","decl":{"start":{"line":19,"column":26},"end":{"line":19,"column":29}},"loc":{"start":{"line":19,"column":33},"end":{"line":37,"column":2}}},"2":{"name":"(anonymous_2)","decl":{"start":{"line":20,"column":16},"end":{"line":20,"column":19}},"loc":{"start":{"line":20,"column":22},"end":{"line":20,"column":38}}},"3":{"name":"(anonymous_3)","decl":{"start":{"line":21,"column":18},"end":{"line":21,"column":19}},"loc":{"start":{"line":21,"column":46},"end":{"line":36,"column":3}}},"4":{"name":"(anonymous_4)","decl":{"start":{"line":40,"column":22},"end":{"line":40,"column":25}},"loc":{"start":{"line":40,"column":29},"end":{"line":45,"column":2}}},"5":{"name":"(anonymous_5)","decl":{"start":{"line":41,"column":16},"end":{"line":41,"column":19}},"loc":{"start":{"line":41,"column":22},"end":{"line":41,"column":56}}},"6":{"name":"(anonymous_6)","decl":{"start":{"line":42,"column":19},"end":{"line":42,"column":20}},"loc":{"start":{"line":42,"column":38},"end":{"line":44,"column":3}}},"7":{"name":"(anonymous_7)","decl":{"start":{"line":49,"column":13},"end":{"line":49,"column":14}},"loc":{"start":{"line":49,"column":29},"end":{"line":52,"column":3}}},"8":{"name":"(anonymous_8)","decl":{"start":{"line":54,"column":18},"end":{"line":54,"column":19}},"loc":{"start":{"line":54,"column":35},"end":{"line":57,"column":3}}},"9":{"name":"(anonymous_9)","decl":{"start":{"line":59,"column":14},"end":{"line":59,"column":17}},"loc":{"start":{"line":59,"column":19},"end":{"line":62,"column":3}}},"10":{"name":"(anonymous_10)","decl":{"start":{"line":130,"column":25},"end":{"line":130,"column":28}},"loc":{"start":{"line":130,"column":30},"end":{"line":134,"column":1}}}},"branchMap":{"0":{"loc":{"start":{"line":24,"column":4},"end":{"line":27,"column":5}},"type":"if","locations":[{"start":{"line":24,"column":4},"end":{"line":27,"column":5}}]},"1":{"loc":{"start":{"line":29,"column":4},"end":{"line":35,"column":5}},"type":"if","locations":[{"start":{"line":29,"column":4},"end":{"line":35,"column":5}},{"start":{"line":31,"column":11},"end":{"line":35,"column":5}}]},"2":{"loc":{"start":{"line":31,"column":11},"end":{"line":35,"column":5}},"type":"if","locations":[{"start":{"line":31,"column":11},"end":{"line":35,"column":5}},{"start":{"line":33,"column":11},"end":{"line":35,"column":5}}]}},"s":{"0":3,"1":4,"2":3,"3":3,"4":2,"5":37,"6":37,"7":0,"8":0,"9":37,"10":36,"11":1,"12":0,"13":1,"14":3,"15":1,"16":1,"17":2,"18":3,"19":3,"20":3,"21":48,"22":48,"23":0,"24":0,"25":46,"26":46,"27":3,"28":3,"29":3,"30":3,"31":3,"32":3,"33":3,"34":3},"f":{"0":4,"1":3,"2":2,"3":37,"4":1,"5":1,"6":2,"7":48,"8":0,"9":46,"10":3},"b":{"0":[0],"1":[36,1],"2":[0,1]}}
,"C:\\Users\\itimu\\my-new-project\\src\\middleware\\authenticateToken.ts": {"path":"C:\\Users\\itimu\\my-new-project\\src\\middleware\\authenticateToken.ts","statementMap":{"0":{"start":{"line":2,"column":0},"end":{"line":2,"column":31}},"1":{"start":{"line":9,"column":26},"end":{"line":30,"column":1}},"2":{"start":{"line":14,"column":21},"end":{"line":14,"column":49}},"3":{"start":{"line":15,"column":16},"end":{"line":15,"column":54}},"4":{"start":{"line":17,"column":2},"end":{"line":20,"column":3}},"5":{"start":{"line":18,"column":4},"end":{"line":18,"column":73}},"6":{"start":{"line":19,"column":4},"end":{"line":19,"column":11}},"7":{"start":{"line":22,"column":2},"end":{"line":29,"column":5}},"8":{"start":{"line":23,"column":4},"end":{"line":26,"column":5}},"9":{"start":{"line":24,"column":6},"end":{"line":24,"column":78}},"10":{"start":{"line":25,"column":6},"end":{"line":25,"column":13}},"11":{"start":{"line":27,"column":4},"end":{"line":27,"column":20}},"12":{"start":{"line":28,"column":4},"end":{"line":28,"column":11}},"13":{"start":{"line":32,"column":0},"end":{"line":32,"column":33}}},"fnMap":{"0":{"name":"(anonymous_1)","decl":{"start":{"line":9,"column":26},"end":{"line":9,"column":null}},"loc":{"start":{"line":13,"column":10},"end":{"line":30,"column":1}}},"1":{"name":"(anonymous_2)","decl":{"start":{"line":22,"column":54},"end":{"line":22,"column":55}},"loc":{"start":{"line":22,"column":78},"end":{"line":29,"column":3}}}},"branchMap":{"0":{"loc":{"start":{"line":15,"column":16},"end":{"line":15,"column":54}},"type":"binary-expr","locations":[{"start":{"line":15,"column":16},"end":{"line":15,"column":26}},{"start":{"line":15,"column":30},"end":{"line":15,"column":54}}]},"1":{"loc":{"start":{"line":17,"column":2},"end":{"line":20,"column":3}},"type":"if","locations":[{"start":{"line":17,"column":2},"end":{"line":20,"column":3}}]},"2":{"loc":{"start":{"line":23,"column":4},"end":{"line":26,"column":5}},"type":"if","locations":[{"start":{"line":23,"column":4},"end":{"line":26,"column":5}}]}},"s":{"0":2,"1":2,"2":26,"3":26,"4":26,"5":0,"6":0,"7":26,"8":26,"9":0,"10":0,"11":26,"12":26,"13":2},"f":{"0":26,"1":26},"b":{"0":[26,26],"1":[0],"2":[0]}}
,"C:\\Users\\itimu\\my-new-project\\src\\routes\\artists.ts": {"path":"C:\\Users\\itimu\\my-new-project\\src\\routes\\artists.ts","statementMap":{"0":{"start":{"line":1,"column":0},"end":{"line":1,"column":52}},"1":{"start":{"line":2,"column":0},"end":{"line":2,"column":22}},"2":{"start":{"line":3,"column":0},"end":{"line":3,"column":31}},"3":{"start":{"line":4,"column":0},"end":{"line":4,"column":40}},"4":{"start":{"line":6,"column":15},"end":{"line":6,"column":23}},"5":{"start":{"line":8,"column":21},"end":{"line":14,"column":2}},"6":{"start":{"line":17,"column":21},"end":{"line":17,"column":49}},"7":{"start":{"line":18,"column":16},"end":{"line":18,"column":54}},"8":{"start":{"line":20,"column":2},"end":{"line":23,"column":3}},"9":{"start":{"line":21,"column":4},"end":{"line":21,"column":61}},"10":{"start":{"line":22,"column":4},"end":{"line":22,"column":11}},"11":{"start":{"line":25,"column":2},"end":{"line":32,"column":5}},"12":{"start":{"line":26,"column":4},"end":{"line":29,"column":5}},"13":{"start":{"line":27,"column":6},"end":{"line":27,"column":66}},"14":{"start":{"line":28,"column":6},"end":{"line":28,"column":13}},"15":{"start":{"line":30,"column":5},"end":{"line":30,"column":29}},"16":{"start":{"line":31,"column":4},"end":{"line":31,"column":11}},"17":{"start":{"line":35,"column":0},"end":{"line":87,"column":3}},"18":{"start":{"line":36,"column":2},"end":{"line":86,"column":3}},"19":{"start":{"line":37,"column":20},"end":{"line":37,"column":43}},"20":{"start":{"line":38,"column":61},"end":{"line":38,"column":69}},"21":{"start":{"line":40,"column":22},"end":{"line":40,"column":53}},"22":{"start":{"line":41,"column":4},"end":{"line":44,"column":5}},"23":{"start":{"line":42,"column":6},"end":{"line":42,"column":96}},"24":{"start":{"line":43,"column":6},"end":{"line":43,"column":13}},"25":{"start":{"line":46,"column":19},"end":{"line":46,"column":95}},"26":{"start":{"line":48,"column":4},"end":{"line":81,"column":5}},"27":{"start":{"line":49,"column":26},"end":{"line":54,"column":8}},"28":{"start":{"line":55,"column":27},"end":{"line":62,"column":8}},"29":{"start":{"line":63,"column":6},"end":{"line":63,"column":98}},"30":{"start":{"line":64,"column":6},"end":{"line":64,"column":13}},"31":{"start":{"line":66,"column":26},"end":{"line":70,"column":8}},"32":{"start":{"line":71,"column":27},"end":{"line":78,"column":8}},"33":{"start":{"line":79,"column":6},"end":{"line":79,"column":110}},"34":{"start":{"line":80,"column":6},"end":{"line":80,"column":13}},"35":{"start":{"line":83,"column":4},"end":{"line":83,"column":50}},"36":{"start":{"line":84,"column":4},"end":{"line":84,"column":61}},"37":{"start":{"line":85,"column":4},"end":{"line":85,"column":11}},"38":{"start":{"line":89,"column":0},"end":{"line":107,"column":3}},"39":{"start":{"line":90,"column":2},"end":{"line":106,"column":3}},"40":{"start":{"line":91,"column":20},"end":{"line":91,"column":43}},"41":{"start":{"line":93,"column":19},"end":{"line":93,"column":89}},"42":{"start":{"line":95,"column":4},"end":{"line":98,"column":5}},"43":{"start":{"line":96,"column":6},"end":{"line":96,"column":66}},"44":{"start":{"line":97,"column":6},"end":{"line":97,"column":13}},"45":{"start":{"line":100,"column":4},"end":{"line":100,"column":29}},"46":{"start":{"line":101,"column":4},"end":{"line":101,"column":11}},"47":{"start":{"line":103,"column":4},"end":{"line":103,"column":54}},"48":{"start":{"line":104,"column":4},"end":{"line":104,"column":61}},"49":{"start":{"line":105,"column":4},"end":{"line":105,"column":11}},"50":{"start":{"line":109,"column":0},"end":{"line":109,"column":22}}},"fnMap":{"0":{"name":"authenticateToken","decl":{"start":{"line":16,"column":9},"end":{"line":16,"column":26}},"loc":{"start":{"line":16,"column":65},"end":{"line":33,"column":1}}},"1":{"name":"(anonymous_2)","decl":{"start":{"line":25,"column":65},"end":{"line":25,"column":66}},"loc":{"start":{"line":25,"column":89},"end":{"line":32,"column":3}}},"2":{"name":"(anonymous_3)","decl":{"start":{"line":35,"column":43},"end":{"line":35,"column":48}},"loc":{"start":{"line":35,"column":96},"end":{"line":87,"column":1}}},"3":{"name":"(anonymous_4)","decl":{"start":{"line":89,"column":42},"end":{"line":89,"column":47}},"loc":{"start":{"line":89,"column":95},"end":{"line":107,"column":1}}}},"branchMap":{"0":{"loc":{"start":{"line":18,"column":16},"end":{"line":18,"column":54}},"type":"binary-expr","locations":[{"start":{"line":18,"column":16},"end":{"line":18,"column":26}},{"start":{"line":18,"column":30},"end":{"line":18,"column":54}}]},"1":{"loc":{"start":{"line":20,"column":2},"end":{"line":23,"column":3}},"type":"if","locations":[{"start":{"line":20,"column":2},"end":{"line":23,"column":3}}]},"2":{"loc":{"start":{"line":25,"column":20},"end":{"line":25,"column":63}},"type":"binary-expr","locations":[{"start":{"line":25,"column":20},"end":{"line":25,"column":42}},{"start":{"line":25,"column":46},"end":{"line":25,"column":63}}]},"3":{"loc":{"start":{"line":26,"column":4},"end":{"line":29,"column":5}},"type":"if","locations":[{"start":{"line":26,"column":4},"end":{"line":29,"column":5}}]},"4":{"loc":{"start":{"line":41,"column":4},"end":{"line":44,"column":5}},"type":"if","locations":[{"start":{"line":41,"column":4},"end":{"line":44,"column":5}}]},"5":{"loc":{"start":{"line":48,"column":4},"end":{"line":81,"column":5}},"type":"if","locations":[{"start":{"line":48,"column":4},"end":{"line":81,"column":5}},{"start":{"line":65,"column":11},"end":{"line":81,"column":5}}]},"6":{"loc":{"start":{"line":95,"column":4},"end":{"line":98,"column":5}},"type":"if","locations":[{"start":{"line":95,"column":4},"end":{"line":98,"column":5}}]}},"s":{"0":1,"1":1,"2":1,"3":1,"4":1,"5":1,"6":6,"7":6,"8":6,"9":1,"10":1,"11":5,"12":5,"13":0,"14":0,"15":5,"16":5,"17":1,"18":3,"19":3,"20":3,"21":3,"22":3,"23":1,"24":1,"25":2,"26":2,"27":1,"28":1,"29":1,"30":1,"31":1,"32":1,"33":1,"34":1,"35":0,"36":0,"37":0,"38":1,"39":2,"40":2,"41":2,"42":2,"43":1,"44":1,"45":1,"46":1,"47":0,"48":0,"49":0,"50":1},"f":{"0":6,"1":5,"2":3,"3":2},"b":{"0":[6,5],"1":[1],"2":[5,0],"3":[0],"4":[1],"5":[1,1],"6":[1]}}
,"C:\\Users\\itimu\\my-new-project\\src\\routes\\content.ts": {"path":"C:\\Users\\itimu\\my-new-project\\src\\routes\\content.ts","statementMap":{"0":{"start":{"line":2,"column":0},"end":{"line":2,"column":66}},"1":{"start":{"line":4,"column":0},"end":{"line":4,"column":22}},"2":{"start":{"line":5,"column":0},"end":{"line":5,"column":40}},"3":{"start":{"line":6,"column":0},"end":{"line":6,"column":95}},"4":{"start":{"line":7,"column":0},"end":{"line":7,"column":85}},"5":{"start":{"line":8,"column":0},"end":{"line":8,"column":28}},"6":{"start":{"line":9,"column":0},"end":{"line":9,"column":64}},"7":{"start":{"line":11,"column":15},"end":{"line":11,"column":23}},"8":{"start":{"line":17,"column":2},"end":{"line":17,"column":118}},"9":{"start":{"line":21,"column":12},"end":{"line":21,"column":45}},"10":{"start":{"line":22,"column":2},"end":{"line":22,"column":40}},"11":{"start":{"line":33,"column":32},"end":{"line":40,"column":2}},"12":{"start":{"line":42,"column":23},"end":{"line":55,"column":2}},"13":{"start":{"line":57,"column":30},"end":{"line":60,"column":2}},"14":{"start":{"line":67,"column":18},"end":{"line":67,"column":35}},"15":{"start":{"line":68,"column":2},"end":{"line":68,"column":57}},"16":{"start":{"line":69,"column":2},"end":{"line":72,"column":5}},"17":{"start":{"line":79,"column":23},"end":{"line":100,"column":4}},"18":{"start":{"line":101,"column":24},"end":{"line":101,"column":64}},"19":{"start":{"line":102,"column":2},"end":{"line":102,"column":98}},"20":{"start":{"line":113,"column":0},"end":{"line":271,"column":3}},"21":{"start":{"line":114,"column":2},"end":{"line":270,"column":3}},"22":{"start":{"line":115,"column":29},"end":{"line":115,"column":71}},"23":{"start":{"line":116,"column":4},"end":{"line":121,"column":5}},"24":{"start":{"line":117,"column":6},"end":{"line":120,"column":9}},"25":{"start":{"line":123,"column":19},"end":{"line":123,"column":35}},"26":{"start":{"line":124,"column":4},"end":{"line":126,"column":5}},"27":{"start":{"line":125,"column":6},"end":{"line":125,"column":61}},"28":{"start":{"line":128,"column":87},"end":{"line":128,"column":99}},"29":{"start":{"line":130,"column":24},"end":{"line":130,"column":54}},"30":{"start":{"line":132,"column":4},"end":{"line":134,"column":5}},"31":{"start":{"line":133,"column":6},"end":{"line":133,"column":105}},"32":{"start":{"line":137,"column":43},"end":{"line":146,"column":13}},"33":{"start":{"line":149,"column":54},"end":{"line":155,"column":6}},"34":{"start":{"line":157,"column":4},"end":{"line":165,"column":5}},"35":{"start":{"line":158,"column":6},"end":{"line":164,"column":7}},"36":{"start":{"line":159,"column":25},"end":{"line":159,"column":75}},"37":{"start":{"line":160,"column":8},"end":{"line":160,"column":59}},"38":{"start":{"line":160,"column":22},"end":{"line":160,"column":59}},"39":{"start":{"line":163,"column":8},"end":{"line":163,"column":85}},"40":{"start":{"line":168,"column":27},"end":{"line":168,"column":43}},"41":{"start":{"line":169,"column":4},"end":{"line":184,"column":5}},"42":{"start":{"line":170,"column":6},"end":{"line":174,"column":7}},"43":{"start":{"line":171,"column":8},"end":{"line":171,"column":94}},"44":{"start":{"line":173,"column":8},"end":{"line":173,"column":84}},"45":{"start":{"line":176,"column":20},"end":{"line":176,"column":37}},"46":{"start":{"line":177,"column":6},"end":{"line":177,"column":61}},"47":{"start":{"line":179,"column":6},"end":{"line":183,"column":9}},"48":{"start":{"line":187,"column":4},"end":{"line":193,"column":5}},"49":{"start":{"line":188,"column":6},"end":{"line":192,"column":9}},"50":{"start":{"line":196,"column":24},"end":{"line":202,"column":6}},"51":{"start":{"line":204,"column":25},"end":{"line":243,"column":7}},"52":{"start":{"line":205,"column":23},"end":{"line":210,"column":8}},"53":{"start":{"line":212,"column":36},"end":{"line":212,"column":81}},"54":{"start":{"line":214,"column":21},"end":{"line":223,"column":8}},"55":{"start":{"line":225,"column":6},"end":{"line":242,"column":7}},"56":{"start":{"line":226,"column":23},"end":{"line":226,"column":60}},"57":{"start":{"line":227,"column":8},"end":{"line":231,"column":10}},"58":{"start":{"line":233,"column":25},"end":{"line":233,"column":42}},"59":{"start":{"line":234,"column":8},"end":{"line":234,"column":145}},"60":{"start":{"line":235,"column":8},"end":{"line":241,"column":10}},"61":{"start":{"line":245,"column":26},"end":{"line":247,"column":48}},"62":{"start":{"line":246,"column":24},"end":{"line":246,"column":84}},"63":{"start":{"line":247,"column":26},"end":{"line":247,"column":47}},"64":{"start":{"line":249,"column":34},"end":{"line":251,"column":12}},"65":{"start":{"line":250,"column":55},"end":{"line":250,"column":60}},"66":{"start":{"line":253,"column":4},"end":{"line":267,"column":7}},"67":{"start":{"line":269,"column":4},"end":{"line":269,"column":67}},"68":{"start":{"line":277,"column":0},"end":{"line":322,"column":3}},"69":{"start":{"line":278,"column":4},"end":{"line":321,"column":5}},"70":{"start":{"line":279,"column":28},"end":{"line":279,"column":36}},"71":{"start":{"line":280,"column":8},"end":{"line":282,"column":9}},"72":{"start":{"line":281,"column":12},"end":{"line":281,"column":79}},"73":{"start":{"line":284,"column":23},"end":{"line":284,"column":39}},"74":{"start":{"line":285,"column":8},"end":{"line":285,"column":76}},"75":{"start":{"line":285,"column":21},"end":{"line":285,"column":76}},"76":{"start":{"line":287,"column":28},"end":{"line":287,"column":58}},"77":{"start":{"line":288,"column":8},"end":{"line":290,"column":9}},"78":{"start":{"line":289,"column":12},"end":{"line":289,"column":79}},"79":{"start":{"line":294,"column":8},"end":{"line":300,"column":9}},"80":{"start":{"line":295,"column":12},"end":{"line":295,"column":94}},"81":{"start":{"line":297,"column":26},"end":{"line":297,"column":43}},"82":{"start":{"line":298,"column":12},"end":{"line":298,"column":64}},"83":{"start":{"line":299,"column":12},"end":{"line":299,"column":96}},"84":{"start":{"line":303,"column":22},"end":{"line":303,"column":90}},"85":{"start":{"line":304,"column":32},"end":{"line":311,"column":10}},"86":{"start":{"line":313,"column":8},"end":{"line":318,"column":11}},"87":{"start":{"line":320,"column":8},"end":{"line":320,"column":76}},"88":{"start":{"line":328,"column":0},"end":{"line":341,"column":3}},"89":{"start":{"line":329,"column":2},"end":{"line":340,"column":3}},"90":{"start":{"line":330,"column":17},"end":{"line":330,"column":80}},"91":{"start":{"line":331,"column":22},"end":{"line":331,"column":62}},"92":{"start":{"line":333,"column":4},"end":{"line":337,"column":7}},"93":{"start":{"line":339,"column":4},"end":{"line":339,"column":62}},"94":{"start":{"line":346,"column":0},"end":{"line":372,"column":3}},"95":{"start":{"line":347,"column":2},"end":{"line":371,"column":3}},"96":{"start":{"line":348,"column":29},"end":{"line":348,"column":62}},"97":{"start":{"line":349,"column":4},"end":{"line":354,"column":5}},"98":{"start":{"line":350,"column":6},"end":{"line":353,"column":9}},"99":{"start":{"line":356,"column":23},"end":{"line":356,"column":87}},"100":{"start":{"line":357,"column":4},"end":{"line":362,"column":5}},"101":{"start":{"line":358,"column":6},"end":{"line":361,"column":9}},"102":{"start":{"line":364,"column":21},"end":{"line":364,"column":89}},"103":{"start":{"line":365,"column":4},"end":{"line":368,"column":7}},"104":{"start":{"line":370,"column":4},"end":{"line":370,"column":64}},"105":{"start":{"line":377,"column":0},"end":{"line":407,"column":3}},"106":{"start":{"line":378,"column":2},"end":{"line":406,"column":3}},"107":{"start":{"line":379,"column":29},"end":{"line":382,"column":6}},"108":{"start":{"line":384,"column":4},"end":{"line":389,"column":5}},"109":{"start":{"line":385,"column":6},"end":{"line":388,"column":9}},"110":{"start":{"line":391,"column":39},"end":{"line":391,"column":44}},"111":{"start":{"line":392,"column":30},"end":{"line":392,"column":91}},"112":{"start":{"line":394,"column":4},"end":{"line":397,"column":7}},"113":{"start":{"line":399,"column":20},"end":{"line":399,"column":37}},"114":{"start":{"line":400,"column":4},"end":{"line":400,"column":63}},"115":{"start":{"line":401,"column":4},"end":{"line":405,"column":7}},"116":{"start":{"line":412,"column":0},"end":{"line":440,"column":3}},"117":{"start":{"line":413,"column":2},"end":{"line":439,"column":3}},"118":{"start":{"line":414,"column":25},"end":{"line":414,"column":104}},"119":{"start":{"line":415,"column":20},"end":{"line":415,"column":89}},"120":{"start":{"line":416,"column":19},"end":{"line":416,"column":35}},"121":{"start":{"line":417,"column":4},"end":{"line":419,"column":5}},"122":{"start":{"line":418,"column":6},"end":{"line":418,"column":61}},"123":{"start":{"line":420,"column":4},"end":{"line":422,"column":5}},"124":{"start":{"line":421,"column":6},"end":{"line":421,"column":83}},"125":{"start":{"line":424,"column":24},"end":{"line":424,"column":54}},"126":{"start":{"line":425,"column":24},"end":{"line":425,"column":98}},"127":{"start":{"line":427,"column":4},"end":{"line":436,"column":7}},"128":{"start":{"line":438,"column":4},"end":{"line":438,"column":69}},"129":{"start":{"line":446,"column":0},"end":{"line":503,"column":3}},"130":{"start":{"line":447,"column":2},"end":{"line":502,"column":3}},"131":{"start":{"line":448,"column":19},"end":{"line":448,"column":35}},"132":{"start":{"line":449,"column":4},"end":{"line":449,"column":72}},"133":{"start":{"line":449,"column":17},"end":{"line":449,"column":72}},"134":{"start":{"line":451,"column":21},"end":{"line":451,"column":36}},"135":{"start":{"line":452,"column":22},"end":{"line":452,"column":38}},"136":{"start":{"line":453,"column":25},"end":{"line":453,"column":104}},"137":{"start":{"line":454,"column":28},"end":{"line":454,"column":113}},"138":{"start":{"line":456,"column":18},"end":{"line":456,"column":59}},"139":{"start":{"line":457,"column":19},"end":{"line":457,"column":58}},"140":{"start":{"line":459,"column":16},"end":{"line":470,"column":6}},"141":{"start":{"line":472,"column":26},"end":{"line":472,"column":34}},"142":{"start":{"line":473,"column":14},"end":{"line":473,"column":15}},"143":{"start":{"line":475,"column":4},"end":{"line":479,"column":5}},"144":{"start":{"line":476,"column":6},"end":{"line":476,"column":48}},"145":{"start":{"line":477,"column":6},"end":{"line":477,"column":32}},"146":{"start":{"line":478,"column":6},"end":{"line":478,"column":12}},"147":{"start":{"line":481,"column":4},"end":{"line":485,"column":5}},"148":{"start":{"line":482,"column":6},"end":{"line":482,"column":51}},"149":{"start":{"line":483,"column":6},"end":{"line":483,"column":35}},"150":{"start":{"line":484,"column":6},"end":{"line":484,"column":12}},"151":{"start":{"line":487,"column":4},"end":{"line":487,"column":77}},"152":{"start":{"line":488,"column":4},"end":{"line":488,"column":31}},"153":{"start":{"line":490,"column":19},"end":{"line":490,"column":50}},"154":{"start":{"line":492,"column":4},"end":{"line":499,"column":7}},"155":{"start":{"line":501,"column":4},"end":{"line":501,"column":68}},"156":{"start":{"line":508,"column":0},"end":{"line":515,"column":3}},"157":{"start":{"line":509,"column":2},"end":{"line":514,"column":3}},"158":{"start":{"line":510,"column":4},"end":{"line":510,"column":55}},"159":{"start":{"line":511,"column":4},"end":{"line":511,"column":79}},"160":{"start":{"line":513,"column":4},"end":{"line":513,"column":69}},"161":{"start":{"line":517,"column":0},"end":{"line":517,"column":22}}},"fnMap":{"0":{"name":"generateErrorId","decl":{"start":{"line":16,"column":9},"end":{"line":16,"column":24}},"loc":{"start":{"line":16,"column":24},"end":{"line":18,"column":1}}},"1":{"name":"safeParseInt","decl":{"start":{"line":20,"column":9},"end":{"line":20,"column":21}},"loc":{"start":{"line":20,"column":46},"end":{"line":23,"column":1}}},"2":{"name":"handleServerError","decl":{"start":{"line":66,"column":9},"end":{"line":66,"column":26}},"loc":{"start":{"line":66,"column":80},"end":{"line":73,"column":1}}},"3":{"name":"getArtistPersona","decl":{"start":{"line":78,"column":15},"end":{"line":78,"column":31}},"loc":{"start":{"line":78,"column":46},"end":{"line":103,"column":1}}},"4":{"name":"(anonymous_5)","decl":{"start":{"line":113,"column":44},"end":{"line":113,"column":49}},"loc":{"start":{"line":113,"column":86},"end":{"line":271,"column":1}}},"5":{"name":"(anonymous_6)","decl":{"start":{"line":204,"column":64},"end":{"line":204,"column":69}},"loc":{"start":{"line":204,"column":87},"end":{"line":243,"column":5}}},"6":{"name":"(anonymous_7)","decl":{"start":{"line":246,"column":11},"end":{"line":246,"column":12}},"loc":{"start":{"line":246,"column":24},"end":{"line":246,"column":84}}},"7":{"name":"(anonymous_8)","decl":{"start":{"line":247,"column":14},"end":{"line":247,"column":15}},"loc":{"start":{"line":247,"column":26},"end":{"line":247,"column":47}}},"8":{"name":"(anonymous_9)","decl":{"start":{"line":250,"column":29},"end":{"line":250,"column":30}},"loc":{"start":{"line":250,"column":55},"end":{"line":250,"column":60}}},"9":{"name":"(anonymous_10)","decl":{"start":{"line":277,"column":49},"end":{"line":277,"column":54}},"loc":{"start":{"line":277,"column":91},"end":{"line":322,"column":1}}},"10":{"name":"(anonymous_11)","decl":{"start":{"line":328,"column":44},"end":{"line":328,"column":49}},"loc":{"start":{"line":328,"column":86},"end":{"line":341,"column":1}}},"11":{"name":"(anonymous_12)","decl":{"start":{"line":346,"column":45},"end":{"line":346,"column":50}},"loc":{"start":{"line":346,"column":87},"end":{"line":372,"column":1}}},"12":{"name":"(anonymous_13)","decl":{"start":{"line":377,"column":57},"end":{"line":377,"column":62}},"loc":{"start":{"line":377,"column":99},"end":{"line":407,"column":1}}},"13":{"name":"(anonymous_14)","decl":{"start":{"line":412,"column":56},"end":{"line":412,"column":61}},"loc":{"start":{"line":412,"column":98},"end":{"line":440,"column":1}}},"14":{"name":"(anonymous_15)","decl":{"start":{"line":446,"column":42},"end":{"line":446,"column":47}},"loc":{"start":{"line":446,"column":84},"end":{"line":503,"column":1}}},"15":{"name":"(anonymous_16)","decl":{"start":{"line":508,"column":65},"end":{"line":508,"column":70}},"loc":{"start":{"line":508,"column":107},"end":{"line":515,"column":1}}}},"branchMap":{"0":{"loc":{"start":{"line":17,"column":9},"end":{"line":17,"column":117}},"type":"cond-expr","locations":[{"start":{"line":17,"column":29},"end":{"line":17,"column":48}},{"start":{"line":17,"column":51},"end":{"line":17,"column":117}}]},"1":{"loc":{"start":{"line":20,"column":34},"end":{"line":20,"column":46}},"type":"default-arg","locations":[{"start":{"line":20,"column":45},"end":{"line":20,"column":46}}]},"2":{"loc":{"start":{"line":21,"column":28},"end":{"line":21,"column":39}},"type":"binary-expr","locations":[{"start":{"line":21,"column":28},"end":{"line":21,"column":33}},{"start":{"line":21,"column":37},"end":{"line":21,"column":39}}]},"3":{"loc":{"start":{"line":22,"column":9},"end":{"line":22,"column":39}},"type":"cond-expr","locations":[{"start":{"line":22,"column":27},"end":{"line":22,"column":35}},{"start":{"line":22,"column":38},"end":{"line":22,"column":39}}]},"4":{"loc":{"start":{"line":102,"column":9},"end":{"line":102,"column":97}},"type":"cond-expr","locations":[{"start":{"line":102,"column":69},"end":{"line":102,"column":90}},{"start":{"line":102,"column":93},"end":{"line":102,"column":97}}]},"5":{"loc":{"start":{"line":102,"column":9},"end":{"line":102,"column":66}},"type":"binary-expr","locations":[{"start":{"line":102,"column":9},"end":{"line":102,"column":38}},{"start":{"line":102,"column":42},"end":{"line":102,"column":66}}]},"6":{"loc":{"start":{"line":116,"column":4},"end":{"line":121,"column":5}},"type":"if","locations":[{"start":{"line":116,"column":4},"end":{"line":121,"column":5}}]},"7":{"loc":{"start":{"line":119,"column":17},"end":{"line":119,"column":93}},"type":"cond-expr","locations":[{"start":{"line":119,"column":53},"end":{"line":119,"column":77}},{"start":{"line":119,"column":80},"end":{"line":119,"column":93}}]},"8":{"loc":{"start":{"line":119,"column":17},"end":{"line":119,"column":50}},"type":"binary-expr","locations":[{"start":{"line":119,"column":17},"end":{"line":119,"column":30}},{"start":{"line":119,"column":34},"end":{"line":119,"column":50}}]},"9":{"loc":{"start":{"line":124,"column":4},"end":{"line":126,"column":5}},"type":"if","locations":[{"start":{"line":124,"column":4},"end":{"line":126,"column":5}}]},"10":{"loc":{"start":{"line":132,"column":4},"end":{"line":134,"column":5}},"type":"if","locations":[{"start":{"line":132,"column":4},"end":{"line":134,"column":5}}]},"11":{"loc":{"start":{"line":132,"column":8},"end":{"line":132,"column":39}},"type":"binary-expr","locations":[{"start":{"line":132,"column":8},"end":{"line":132,"column":20}},{"start":{"line":132,"column":24},"end":{"line":132,"column":39}}]},"12":{"loc":{"start":{"line":157,"column":4},"end":{"line":165,"column":5}},"type":"if","locations":[{"start":{"line":157,"column":4},"end":{"line":165,"column":5}}]},"13":{"loc":{"start":{"line":160,"column":8},"end":{"line":160,"column":59}},"type":"if","locations":[{"start":{"line":160,"column":8},"end":{"line":160,"column":59}}]},"14":{"loc":{"start":{"line":170,"column":6},"end":{"line":174,"column":7}},"type":"if","locations":[{"start":{"line":170,"column":6},"end":{"line":174,"column":7}},{"start":{"line":172,"column":13},"end":{"line":174,"column":7}}]},"15":{"loc":{"start":{"line":187,"column":4},"end":{"line":193,"column":5}},"type":"if","locations":[{"start":{"line":187,"column":4},"end":{"line":193,"column":5}}]},"16":{"loc":{"start":{"line":187,"column":8},"end":{"line":187,"column":73}},"type":"binary-expr","locations":[{"start":{"line":187,"column":8},"end":{"line":187,"column":40}},{"start":{"line":187,"column":44},"end":{"line":187,"column":73}}]},"17":{"loc":{"start":{"line":206,"column":23},"end":{"line":206,"column":95}},"type":"cond-expr","locations":[{"start":{"line":206,"column":67},"end":{"line":206,"column":88}},{"start":{"line":206,"column":91},"end":{"line":206,"column":95}}]},"18":{"loc":{"start":{"line":207,"column":20},"end":{"line":207,"column":81}},"type":"binary-expr","locations":[{"start":{"line":207,"column":20},"end":{"line":207,"column":38}},{"start":{"line":207,"column":43},"end":{"line":207,"column":80}}]},"19":{"loc":{"start":{"line":207,"column":43},"end":{"line":207,"column":80}},"type":"cond-expr","locations":[{"start":{"line":207,"column":56},"end":{"line":207,"column":64}},{"start":{"line":207,"column":67},"end":{"line":207,"column":80}}]},"20":{"loc":{"start":{"line":208,"column":22},"end":{"line":208,"column":50}},"type":"binary-expr","locations":[{"start":{"line":208,"column":22},"end":{"line":208,"column":42}},{"start":{"line":208,"column":46},"end":{"line":208,"column":50}}]},"21":{"loc":{"start":{"line":209,"column":22},"end":{"line":209,"column":70}},"type":"binary-expr","locations":[{"start":{"line":209,"column":22},"end":{"line":209,"column":42}},{"start":{"line":209,"column":46},"end":{"line":209,"column":70}}]},"22":{"loc":{"start":{"line":212,"column":36},"end":{"line":212,"column":81}},"type":"binary-expr","locations":[{"start":{"line":212,"column":36},"end":{"line":212,"column":61}},{"start":{"line":212,"column":65},"end":{"line":212,"column":81}}]},"23":{"loc":{"start":{"line":217,"column":8},"end":{"line":217,"column":27}},"type":"binary-expr","locations":[{"start":{"line":217,"column":8},"end":{"line":217,"column":19}},{"start":{"line":217,"column":23},"end":{"line":217,"column":27}}]},"24":{"loc":{"start":{"line":219,"column":8},"end":{"line":219,"column":45}},"type":"binary-expr","locations":[{"start":{"line":219,"column":8},"end":{"line":219,"column":23}},{"start":{"line":219,"column":27},"end":{"line":219,"column":39}},{"start":{"line":219,"column":43},"end":{"line":219,"column":45}}]},"25":{"loc":{"start":{"line":234,"column":105},"end":{"line":234,"column":126}},"type":"binary-expr","locations":[{"start":{"line":234,"column":105},"end":{"line":234,"column":120}},{"start":{"line":234,"column":124},"end":{"line":234,"column":126}}]},"26":{"loc":{"start":{"line":246,"column":24},"end":{"line":246,"column":84}},"type":"cond-expr","locations":[{"start":{"line":246,"column":62},"end":{"line":246,"column":77}},{"start":{"line":246,"column":80},"end":{"line":246,"column":84}}]},"27":{"loc":{"start":{"line":249,"column":34},"end":{"line":251,"column":12}},"type":"cond-expr","locations":[{"start":{"line":250,"column":8},"end":{"line":250,"column":87}},{"start":{"line":251,"column":8},"end":{"line":251,"column":12}}]},"28":{"loc":{"start":{"line":263,"column":20},"end":{"line":263,"column":57}},"type":"cond-expr","locations":[{"start":{"line":263,"column":33},"end":{"line":263,"column":41}},{"start":{"line":263,"column":44},"end":{"line":263,"column":57}}]},"29":{"loc":{"start":{"line":280,"column":8},"end":{"line":282,"column":9}},"type":"if","locations":[{"start":{"line":280,"column":8},"end":{"line":282,"column":9}}]},"30":{"loc":{"start":{"line":280,"column":12},"end":{"line":280,"column":51}},"type":"binary-expr","locations":[{"start":{"line":280,"column":12},"end":{"line":280,"column":20}},{"start":{"line":280,"column":24},"end":{"line":280,"column":51}}]},"31":{"loc":{"start":{"line":285,"column":8},"end":{"line":285,"column":76}},"type":"if","locations":[{"start":{"line":285,"column":8},"end":{"line":285,"column":76}}]},"32":{"loc":{"start":{"line":288,"column":8},"end":{"line":290,"column":9}},"type":"if","locations":[{"start":{"line":288,"column":8},"end":{"line":290,"column":9}}]},"33":{"loc":{"start":{"line":288,"column":12},"end":{"line":288,"column":43}},"type":"binary-expr","locations":[{"start":{"line":288,"column":12},"end":{"line":288,"column":24}},{"start":{"line":288,"column":28},"end":{"line":288,"column":43}}]},"34":{"loc":{"start":{"line":303,"column":22},"end":{"line":303,"column":90}},"type":"cond-expr","locations":[{"start":{"line":303,"column":66},"end":{"line":303,"column":86}},{"start":{"line":303,"column":89},"end":{"line":303,"column":90}}]},"35":{"loc":{"start":{"line":305,"column":28},"end":{"line":307,"column":87}},"type":"cond-expr","locations":[{"start":{"line":305,"column":43},"end":{"line":305,"column":54}},{"start":{"line":306,"column":44},"end":{"line":307,"column":87}}]},"36":{"loc":{"start":{"line":306,"column":44},"end":{"line":307,"column":87}},"type":"cond-expr","locations":[{"start":{"line":306,"column":59},"end":{"line":306,"column":65}},{"start":{"line":307,"column":44},"end":{"line":307,"column":87}}]},"37":{"loc":{"start":{"line":307,"column":44},"end":{"line":307,"column":87}},"type":"cond-expr","locations":[{"start":{"line":307,"column":59},"end":{"line":307,"column":65}},{"start":{"line":307,"column":68},"end":{"line":307,"column":87}}]},"38":{"loc":{"start":{"line":308,"column":31},"end":{"line":308,"column":74}},"type":"cond-expr","locations":[{"start":{"line":308,"column":45},"end":{"line":308,"column":69}},{"start":{"line":308,"column":72},"end":{"line":308,"column":74}}]},"39":{"loc":{"start":{"line":309,"column":31},"end":{"line":309,"column":59}},"type":"binary-expr","locations":[{"start":{"line":309,"column":31},"end":{"line":309,"column":53}},{"start":{"line":309,"column":57},"end":{"line":309,"column":59}}]},"40":{"loc":{"start":{"line":310,"column":31},"end":{"line":310,"column":64}},"type":"binary-expr","locations":[{"start":{"line":310,"column":31},"end":{"line":310,"column":58}},{"start":{"line":310,"column":62},"end":{"line":310,"column":64}}]},"41":{"loc":{"start":{"line":315,"column":58},"end":{"line":315,"column":91}},"type":"cond-expr","locations":[{"start":{"line":315,"column":81},"end":{"line":315,"column":86}},{"start":{"line":315,"column":89},"end":{"line":315,"column":91}}]},"42":{"loc":{"start":{"line":330,"column":17},"end":{"line":330,"column":80}},"type":"cond-expr","locations":[{"start":{"line":330,"column":54},"end":{"line":330,"column":68}},{"start":{"line":330,"column":71},"end":{"line":330,"column":80}}]},"43":{"loc":{"start":{"line":335,"column":13},"end":{"line":335,"column":60}},"type":"cond-expr","locations":[{"start":{"line":335,"column":40},"end":{"line":335,"column":56}},{"start":{"line":335,"column":59},"end":{"line":335,"column":60}}]},"44":{"loc":{"start":{"line":336,"column":24},"end":{"line":336,"column":36}},"type":"binary-expr","locations":[{"start":{"line":336,"column":24},"end":{"line":336,"column":28}},{"start":{"line":336,"column":32},"end":{"line":336,"column":36}}]},"45":{"loc":{"start":{"line":349,"column":4},"end":{"line":354,"column":5}},"type":"if","locations":[{"start":{"line":349,"column":4},"end":{"line":354,"column":5}}]},"46":{"loc":{"start":{"line":352,"column":17},"end":{"line":352,"column":93}},"type":"cond-expr","locations":[{"start":{"line":352,"column":53},"end":{"line":352,"column":77}},{"start":{"line":352,"column":80},"end":{"line":352,"column":93}}]},"47":{"loc":{"start":{"line":352,"column":17},"end":{"line":352,"column":50}},"type":"binary-expr","locations":[{"start":{"line":352,"column":17},"end":{"line":352,"column":30}},{"start":{"line":352,"column":34},"end":{"line":352,"column":50}}]},"48":{"loc":{"start":{"line":357,"column":4},"end":{"line":362,"column":5}},"type":"if","locations":[{"start":{"line":357,"column":4},"end":{"line":362,"column":5}}]},"49":{"loc":{"start":{"line":357,"column":8},"end":{"line":357,"column":42}},"type":"binary-expr","locations":[{"start":{"line":357,"column":8},"end":{"line":357,"column":19}},{"start":{"line":357,"column":23},"end":{"line":357,"column":42}}]},"50":{"loc":{"start":{"line":360,"column":17},"end":{"line":360,"column":59}},"type":"binary-expr","locations":[{"start":{"line":360,"column":17},"end":{"line":360,"column":35}},{"start":{"line":360,"column":39},"end":{"line":360,"column":59}}]},"51":{"loc":{"start":{"line":384,"column":4},"end":{"line":389,"column":5}},"type":"if","locations":[{"start":{"line":384,"column":4},"end":{"line":389,"column":5}}]},"52":{"loc":{"start":{"line":387,"column":17},"end":{"line":387,"column":93}},"type":"cond-expr","locations":[{"start":{"line":387,"column":53},"end":{"line":387,"column":77}},{"start":{"line":387,"column":80},"end":{"line":387,"column":93}}]},"53":{"loc":{"start":{"line":387,"column":17},"end":{"line":387,"column":50}},"type":"binary-expr","locations":[{"start":{"line":387,"column":17},"end":{"line":387,"column":30}},{"start":{"line":387,"column":34},"end":{"line":387,"column":50}}]},"54":{"loc":{"start":{"line":414,"column":25},"end":{"line":414,"column":104}},"type":"cond-expr","locations":[{"start":{"line":414,"column":70},"end":{"line":414,"column":92}},{"start":{"line":414,"column":95},"end":{"line":414,"column":104}}]},"55":{"loc":{"start":{"line":415,"column":20},"end":{"line":415,"column":89}},"type":"cond-expr","locations":[{"start":{"line":415,"column":60},"end":{"line":415,"column":77}},{"start":{"line":415,"column":80},"end":{"line":415,"column":89}}]},"56":{"loc":{"start":{"line":417,"column":4},"end":{"line":419,"column":5}},"type":"if","locations":[{"start":{"line":417,"column":4},"end":{"line":419,"column":5}}]},"57":{"loc":{"start":{"line":420,"column":4},"end":{"line":422,"column":5}},"type":"if","locations":[{"start":{"line":420,"column":4},"end":{"line":422,"column":5}}]},"58":{"loc":{"start":{"line":430,"column":13},"end":{"line":430,"column":64}},"type":"cond-expr","locations":[{"start":{"line":430,"column":42},"end":{"line":430,"column":60}},{"start":{"line":430,"column":63},"end":{"line":430,"column":64}}]},"59":{"loc":{"start":{"line":433,"column":24},"end":{"line":433,"column":53}},"type":"binary-expr","locations":[{"start":{"line":433,"column":24},"end":{"line":433,"column":35}},{"start":{"line":433,"column":39},"end":{"line":433,"column":53}}]},"60":{"loc":{"start":{"line":434,"column":17},"end":{"line":434,"column":32}},"type":"binary-expr","locations":[{"start":{"line":434,"column":17},"end":{"line":434,"column":24}},{"start":{"line":434,"column":28},"end":{"line":434,"column":32}}]},"61":{"loc":{"start":{"line":449,"column":4},"end":{"line":449,"column":72}},"type":"if","locations":[{"start":{"line":449,"column":4},"end":{"line":449,"column":72}}]},"62":{"loc":{"start":{"line":453,"column":25},"end":{"line":453,"column":104}},"type":"cond-expr","locations":[{"start":{"line":453,"column":70},"end":{"line":453,"column":92}},{"start":{"line":453,"column":95},"end":{"line":453,"column":104}}]},"63":{"loc":{"start":{"line":454,"column":28},"end":{"line":454,"column":113}},"type":"cond-expr","locations":[{"start":{"line":454,"column":76},"end":{"line":454,"column":101}},{"start":{"line":454,"column":104},"end":{"line":454,"column":113}}]},"64":{"loc":{"start":{"line":475,"column":4},"end":{"line":479,"column":5}},"type":"if","locations":[{"start":{"line":475,"column":4},"end":{"line":479,"column":5}}]},"65":{"loc":{"start":{"line":481,"column":4},"end":{"line":485,"column":5}},"type":"if","locations":[{"start":{"line":481,"column":4},"end":{"line":485,"column":5}}]}},"s":{"0":1,"1":1,"2":1,"3":1,"4":1,"5":1,"6":1,"7":1,"8":1,"9":2,"10":2,"11":1,"12":1,"13":1,"14":0,"15":0,"16":0,"17":9,"18":9,"19":9,"20":1,"21":6,"22":6,"23":6,"24":1,"25":5,"26":5,"27":0,"28":5,"29":5,"30":5,"31":1,"32":4,"33":4,"34":4,"35":1,"36":1,"37":1,"38":1,"39":0,"40":4,"41":4,"42":4,"43":1,"44":3,"45":1,"46":1,"47":1,"48":3,"49":0,"50":3,"51":3,"52":4,"53":4,"54":4,"55":4,"56":4,"57":4,"58":0,"59":0,"60":0,"61":3,"62":4,"63":4,"64":3,"65":4,"66":3,"67":0,"68":1,"69":3,"70":3,"71":3,"72":0,"73":3,"74":3,"75":0,"76":3,"77":3,"78":1,"79":2,"80":2,"81":0,"82":0,"83":0,"84":2,"85":2,"86":2,"87":0,"88":1,"89":2,"90":2,"91":2,"92":2,"93":0,"94":1,"95":1,"96":1,"97":1,"98":0,"99":1,"100":1,"101":0,"102":1,"103":1,"104":0,"105":1,"106":1,"107":1,"108":1,"109":0,"110":1,"111":1,"112":1,"113":0,"114":0,"115":0,"116":1,"117":1,"118":1,"119":1,"120":1,"121":1,"122":0,"123":1,"124":0,"125":1,"126":1,"127":1,"128":0,"129":1,"130":1,"131":1,"132":1,"133":0,"134":1,"135":1,"136":1,"137":1,"138":1,"139":1,"140":1,"141":1,"142":1,"143":1,"144":0,"145":0,"146":0,"147":1,"148":0,"149":0,"150":0,"151":1,"152":1,"153":1,"154":1,"155":0,"156":1,"157":1,"158":1,"159":1,"160":0,"161":1},"f":{"0":1,"1":2,"2":0,"3":9,"4":6,"5":4,"6":4,"7":4,"8":4,"9":3,"10":2,"11":1,"12":1,"13":1,"14":1,"15":1},"b":{"0":[1,0],"1":[0],"2":[2,2],"3":[2,0],"4":[7,2],"5":[9,7],"6":[1],"7":[1,0],"8":[1,1],"9":[0],"10":[1],"11":[5,4],"12":[1],"13":[1],"14":[1,3],"15":[0],"16":[3,3],"17":[4,0],"18":[4,0],"19":[0,0],"20":[4,0],"21":[4,0],"22":[4,0],"23":[4,3],"24":[4,0,0],"25":[0,0],"26":[4,0],"27":[3,0],"28":[1,2],"29":[0],"30":[3,3],"31":[0],"32":[1],"33":[3,2],"34":[2,0],"35":[1,1],"36":[0,1],"37":[0,1],"38":[1,1],"39":[2,0],"40":[2,0],"41":[0,2],"42":[1,1],"43":[2,0],"44":[2,1],"45":[0],"46":[0,0],"47":[0,0],"48":[0],"49":[1,1],"50":[0,0],"51":[0],"52":[0,0],"53":[0,0],"54":[1,0],"55":[1,0],"56":[0],"57":[0],"58":[1,0],"59":[1,1],"60":[1,0],"61":[0],"62":[0,1],"63":[0,1],"64":[0],"65":[0]}}
,"C:\\Users\\itimu\\my-new-project\\src\\routes\\personas.ts": {"path":"C:\\Users\\itimu\\my-new-project\\src\\routes\\personas.ts","statementMap":{"0":{"start":{"line":1,"column":0},"end":{"line":1,"column":52}},"1":{"start":{"line":2,"column":0},"end":{"line":2,"column":22}},"2":{"start":{"line":3,"column":0},"end":{"line":3,"column":31}},"3":{"start":{"line":4,"column":0},"end":{"line":4,"column":40}},"4":{"start":{"line":6,"column":15},"end":{"line":6,"column":23}},"5":{"start":{"line":10,"column":21},"end":{"line":10,"column":49}},"6":{"start":{"line":11,"column":16},"end":{"line":11,"column":54}},"7":{"start":{"line":13,"column":2},"end":{"line":16,"column":3}},"8":{"start":{"line":14,"column":4},"end":{"line":14,"column":61}},"9":{"start":{"line":15,"column":4},"end":{"line":15,"column":11}},"10":{"start":{"line":18,"column":2},"end":{"line":25,"column":5}},"11":{"start":{"line":19,"column":4},"end":{"line":22,"column":5}},"12":{"start":{"line":20,"column":6},"end":{"line":20,"column":66}},"13":{"start":{"line":21,"column":6},"end":{"line":21,"column":13}},"14":{"start":{"line":23,"column":5},"end":{"line":23,"column":29}},"15":{"start":{"line":24,"column":4},"end":{"line":24,"column":11}},"16":{"start":{"line":29,"column":22},"end":{"line":36,"column":2}},"17":{"start":{"line":38,"column":28},"end":{"line":47,"column":2}},"18":{"start":{"line":50,"column":26},"end":{"line":91,"column":2}},"19":{"start":{"line":94,"column":0},"end":{"line":108,"column":3}},"20":{"start":{"line":95,"column":2},"end":{"line":107,"column":3}},"21":{"start":{"line":96,"column":4},"end":{"line":99,"column":7}},"22":{"start":{"line":100,"column":4},"end":{"line":100,"column":11}},"23":{"start":{"line":102,"column":4},"end":{"line":102,"column":63}},"24":{"start":{"line":103,"column":4},"end":{"line":105,"column":7}},"25":{"start":{"line":106,"column":4},"end":{"line":106,"column":11}},"26":{"start":{"line":111,"column":0},"end":{"line":192,"column":3}},"27":{"start":{"line":112,"column":2},"end":{"line":191,"column":3}},"28":{"start":{"line":113,"column":29},"end":{"line":113,"column":67}},"29":{"start":{"line":114,"column":4},"end":{"line":120,"column":5}},"30":{"start":{"line":115,"column":6},"end":{"line":118,"column":9}},"31":{"start":{"line":119,"column":6},"end":{"line":119,"column":13}},"32":{"start":{"line":122,"column":20},"end":{"line":122,"column":43}},"33":{"start":{"line":123,"column":26},"end":{"line":123,"column":31}},"34":{"start":{"line":126,"column":24},"end":{"line":126,"column":67}},"35":{"start":{"line":127,"column":25},"end":{"line":127,"column":64}},"36":{"start":{"line":129,"column":4},"end":{"line":134,"column":5}},"37":{"start":{"line":130,"column":6},"end":{"line":132,"column":9}},"38":{"start":{"line":133,"column":6},"end":{"line":133,"column":13}},"39":{"start":{"line":136,"column":21},"end":{"line":136,"column":44}},"40":{"start":{"line":139,"column":25},"end":{"line":145,"column":6}},"41":{"start":{"line":147,"column":26},"end":{"line":151,"column":6}},"42":{"start":{"line":153,"column":22},"end":{"line":153,"column":46}},"43":{"start":{"line":156,"column":4},"end":{"line":173,"column":5}},"44":{"start":{"line":157,"column":34},"end":{"line":164,"column":8}},"45":{"start":{"line":166,"column":6},"end":{"line":172,"column":9}},"46":{"start":{"line":176,"column":4},"end":{"line":176,"column":59}},"47":{"start":{"line":178,"column":4},"end":{"line":182,"column":7}},"48":{"start":{"line":183,"column":4},"end":{"line":183,"column":11}},"49":{"start":{"line":186,"column":4},"end":{"line":186,"column":56}},"50":{"start":{"line":187,"column":4},"end":{"line":189,"column":7}},"51":{"start":{"line":190,"column":4},"end":{"line":190,"column":11}},"52":{"start":{"line":195,"column":0},"end":{"line":259,"column":3}},"53":{"start":{"line":196,"column":2},"end":{"line":258,"column":3}},"54":{"start":{"line":197,"column":20},"end":{"line":197,"column":43}},"55":{"start":{"line":200,"column":18},"end":{"line":221,"column":6}},"56":{"start":{"line":223,"column":19},"end":{"line":223,"column":52}},"57":{"start":{"line":225,"column":4},"end":{"line":230,"column":5}},"58":{"start":{"line":226,"column":6},"end":{"line":228,"column":9}},"59":{"start":{"line":229,"column":6},"end":{"line":229,"column":13}},"60":{"start":{"line":232,"column":24},"end":{"line":232,"column":38}},"61":{"start":{"line":234,"column":4},"end":{"line":249,"column":7}},"62":{"start":{"line":250,"column":4},"end":{"line":250,"column":11}},"63":{"start":{"line":253,"column":4},"end":{"line":253,"column":47}},"64":{"start":{"line":254,"column":4},"end":{"line":256,"column":7}},"65":{"start":{"line":257,"column":4},"end":{"line":257,"column":11}},"66":{"start":{"line":263,"column":2},"end":{"line":302,"column":3}},"67":{"start":{"line":265,"column":15},"end":{"line":265,"column":17}},"68":{"start":{"line":266,"column":25},"end":{"line":266,"column":27}},"69":{"start":{"line":267,"column":32},"end":{"line":267,"column":34}},"70":{"start":{"line":269,"column":4},"end":{"line":283,"column":7}},"71":{"start":{"line":270,"column":6},"end":{"line":282,"column":7}},"72":{"start":{"line":272,"column":10},"end":{"line":272,"column":38}},"73":{"start":{"line":273,"column":10},"end":{"line":273,"column":16}},"74":{"start":{"line":275,"column":10},"end":{"line":275,"column":48}},"75":{"start":{"line":276,"column":10},"end":{"line":276,"column":16}},"76":{"start":{"line":278,"column":10},"end":{"line":280,"column":11}},"77":{"start":{"line":279,"column":12},"end":{"line":279,"column":100}},"78":{"start":{"line":279,"column":85},"end":{"line":279,"column":97}},"79":{"start":{"line":281,"column":10},"end":{"line":281,"column":16}},"80":{"start":{"line":286,"column":24},"end":{"line":294,"column":6}},"81":{"start":{"line":296,"column":4},"end":{"line":296,"column":80}},"82":{"start":{"line":297,"column":4},"end":{"line":297,"column":11}},"83":{"start":{"line":300,"column":4},"end":{"line":300,"column":67}},"84":{"start":{"line":301,"column":4},"end":{"line":301,"column":11}},"85":{"start":{"line":305,"column":0},"end":{"line":305,"column":22}}},"fnMap":{"0":{"name":"authenticateToken","decl":{"start":{"line":9,"column":9},"end":{"line":9,"column":26}},"loc":{"start":{"line":9,"column":65},"end":{"line":26,"column":1}}},"1":{"name":"(anonymous_2)","decl":{"start":{"line":18,"column":65},"end":{"line":18,"column":66}},"loc":{"start":{"line":18,"column":89},"end":{"line":25,"column":3}}},"2":{"name":"(anonymous_3)","decl":{"start":{"line":94,"column":58},"end":{"line":94,"column":63}},"loc":{"start":{"line":94,"column":111},"end":{"line":108,"column":1}}},"3":{"name":"(anonymous_4)","decl":{"start":{"line":111,"column":49},"end":{"line":111,"column":54}},"loc":{"start":{"line":111,"column":102},"end":{"line":192,"column":1}}},"4":{"name":"(anonymous_5)","decl":{"start":{"line":195,"column":42},"end":{"line":195,"column":47}},"loc":{"start":{"line":195,"column":95},"end":{"line":259,"column":1}}},"5":{"name":"updatePersonaFromResponses","decl":{"start":{"line":262,"column":15},"end":{"line":262,"column":41}},"loc":{"start":{"line":262,"column":77},"end":{"line":303,"column":1}}},"6":{"name":"(anonymous_7)","decl":{"start":{"line":269,"column":22},"end":{"line":269,"column":30}},"loc":{"start":{"line":269,"column":33},"end":{"line":283,"column":5}}},"7":{"name":"(anonymous_8)","decl":{"start":{"line":279,"column":66},"end":{"line":279,"column":67}},"loc":{"start":{"line":279,"column":85},"end":{"line":279,"column":97}}}},"branchMap":{"0":{"loc":{"start":{"line":11,"column":16},"end":{"line":11,"column":54}},"type":"binary-expr","locations":[{"start":{"line":11,"column":16},"end":{"line":11,"column":26}},{"start":{"line":11,"column":30},"end":{"line":11,"column":54}}]},"1":{"loc":{"start":{"line":13,"column":2},"end":{"line":16,"column":3}},"type":"if","locations":[{"start":{"line":13,"column":2},"end":{"line":16,"column":3}}]},"2":{"loc":{"start":{"line":18,"column":20},"end":{"line":18,"column":63}},"type":"binary-expr","locations":[{"start":{"line":18,"column":20},"end":{"line":18,"column":42}},{"start":{"line":18,"column":46},"end":{"line":18,"column":63}}]},"3":{"loc":{"start":{"line":19,"column":4},"end":{"line":22,"column":5}},"type":"if","locations":[{"start":{"line":19,"column":4},"end":{"line":22,"column":5}}]},"4":{"loc":{"start":{"line":114,"column":4},"end":{"line":120,"column":5}},"type":"if","locations":[{"start":{"line":114,"column":4},"end":{"line":120,"column":5}}]},"5":{"loc":{"start":{"line":129,"column":4},"end":{"line":134,"column":5}},"type":"if","locations":[{"start":{"line":129,"column":4},"end":{"line":134,"column":5}}]},"6":{"loc":{"start":{"line":170,"column":8},"end":{"line":170,"column":34}},"type":"binary-expr","locations":[{"start":{"line":170,"column":8},"end":{"line":170,"column":28}},{"start":{"line":170,"column":32},"end":{"line":170,"column":34}}]},"7":{"loc":{"start":{"line":225,"column":4},"end":{"line":230,"column":5}},"type":"if","locations":[{"start":{"line":225,"column":4},"end":{"line":230,"column":5}}]},"8":{"loc":{"start":{"line":270,"column":6},"end":{"line":282,"column":7}},"type":"switch","locations":[{"start":{"line":271,"column":8},"end":{"line":273,"column":16}},{"start":{"line":274,"column":8},"end":{"line":276,"column":16}},{"start":{"line":277,"column":8},"end":{"line":281,"column":16}}]},"9":{"loc":{"start":{"line":278,"column":10},"end":{"line":280,"column":11}},"type":"if","locations":[{"start":{"line":278,"column":10},"end":{"line":280,"column":11}}]}},"s":{"0":1,"1":1,"2":1,"3":1,"4":1,"5":4,"6":4,"7":4,"8":0,"9":0,"10":4,"11":4,"12":0,"13":0,"14":4,"15":4,"16":1,"17":1,"18":1,"19":1,"20":1,"21":1,"22":1,"23":0,"24":0,"25":0,"26":1,"27":3,"28":3,"29":3,"30":1,"31":1,"32":2,"33":2,"34":2,"35":2,"36":2,"37":1,"38":1,"39":1,"40":1,"41":1,"42":1,"43":1,"44":2,"45":2,"46":1,"47":1,"48":1,"49":0,"50":0,"51":0,"52":1,"53":0,"54":0,"55":0,"56":0,"57":0,"58":0,"59":0,"60":0,"61":0,"62":0,"63":0,"64":0,"65":0,"66":1,"67":1,"68":1,"69":1,"70":1,"71":2,"72":0,"73":0,"74":1,"75":1,"76":0,"77":0,"78":0,"79":0,"80":1,"81":1,"82":1,"83":0,"84":0,"85":1},"f":{"0":4,"1":4,"2":1,"3":3,"4":0,"5":1,"6":2,"7":0},"b":{"0":[4,4],"1":[0],"2":[4,0],"3":[0],"4":[1],"5":[1],"6":[2,0],"7":[0],"8":[0,1,0],"9":[0]}}
,"C:\\Users\\itimu\\my-new-project\\src\\routes\\uploads.ts": {"path":"C:\\Users\\itimu\\my-new-project\\src\\routes\\uploads.ts","statementMap":{"0":{"start":{"line":1,"column":0},"end":{"line":1,"column":66}},"1":{"start":{"line":3,"column":0},"end":{"line":3,"column":40}},"2":{"start":{"line":4,"column":0},"end":{"line":4,"column":76}},"3":{"start":{"line":5,"column":0},"end":{"line":5,"column":81}},"4":{"start":{"line":6,"column":0},"end":{"line":6,"column":22}},"5":{"start":{"line":8,"column":15},"end":{"line":8,"column":23}},"6":{"start":{"line":11,"column":25},"end":{"line":14,"column":2}},"7":{"start":{"line":17,"column":0},"end":{"line":146,"column":3}},"8":{"start":{"line":18,"column":2},"end":{"line":145,"column":3}},"9":{"start":{"line":19,"column":4},"end":{"line":21,"column":5}},"10":{"start":{"line":20,"column":6},"end":{"line":20,"column":65}},"11":{"start":{"line":23,"column":20},"end":{"line":23,"column":44}},"12":{"start":{"line":24,"column":17},"end":{"line":24,"column":25}},"13":{"start":{"line":26,"column":24},"end":{"line":26,"column":67}},"14":{"start":{"line":27,"column":25},"end":{"line":27,"column":64}},"15":{"start":{"line":29,"column":4},"end":{"line":34,"column":5}},"16":{"start":{"line":30,"column":6},"end":{"line":30,"column":50}},"17":{"start":{"line":31,"column":6},"end":{"line":33,"column":9}},"18":{"start":{"line":36,"column":21},"end":{"line":36,"column":44}},"19":{"start":{"line":38,"column":22},"end":{"line":38,"column":53}},"20":{"start":{"line":41,"column":4},"end":{"line":48,"column":5}},"21":{"start":{"line":42,"column":6},"end":{"line":42,"column":47}},"22":{"start":{"line":44,"column":6},"end":{"line":44,"column":50}},"23":{"start":{"line":45,"column":6},"end":{"line":47,"column":9}},"24":{"start":{"line":50,"column":40},"end":{"line":50,"column":42}},"25":{"start":{"line":51,"column":4},"end":{"line":76,"column":5}},"26":{"start":{"line":52,"column":6},"end":{"line":52,"column":53}},"27":{"start":{"line":53,"column":11},"end":{"line":76,"column":5}},"28":{"start":{"line":54,"column":6},"end":{"line":54,"column":43}},"29":{"start":{"line":56,"column":20},"end":{"line":56,"column":110}},"30":{"start":{"line":56,"column":93},"end":{"line":56,"column":104}},"31":{"start":{"line":57,"column":28},"end":{"line":57,"column":30}},"32":{"start":{"line":58,"column":23},"end":{"line":58,"column":25}},"33":{"start":{"line":60,"column":6},"end":{"line":75,"column":7}},"34":{"start":{"line":61,"column":8},"end":{"line":74,"column":9}},"35":{"start":{"line":62,"column":10},"end":{"line":62,"column":70}},"36":{"start":{"line":63,"column":10},"end":{"line":63,"column":97}},"37":{"start":{"line":64,"column":15},"end":{"line":74,"column":9}},"38":{"start":{"line":65,"column":25},"end":{"line":65,"column":64}},"39":{"start":{"line":66,"column":10},"end":{"line":73,"column":11}},"40":{"start":{"line":67,"column":12},"end":{"line":72,"column":15}},"41":{"start":{"line":78,"column":4},"end":{"line":83,"column":5}},"42":{"start":{"line":79,"column":6},"end":{"line":79,"column":50}},"43":{"start":{"line":80,"column":6},"end":{"line":82,"column":9}},"44":{"start":{"line":85,"column":25},"end":{"line":91,"column":6}},"45":{"start":{"line":93,"column":26},"end":{"line":97,"column":6}},"46":{"start":{"line":99,"column":22},"end":{"line":99,"column":46}},"47":{"start":{"line":101,"column":21},"end":{"line":101,"column":22}},"48":{"start":{"line":102,"column":4},"end":{"line":124,"column":5}},"49":{"start":{"line":103,"column":6},"end":{"line":123,"column":7}},"50":{"start":{"line":104,"column":36},"end":{"line":111,"column":10}},"51":{"start":{"line":113,"column":8},"end":{"line":119,"column":11}},"52":{"start":{"line":120,"column":8},"end":{"line":120,"column":21}},"53":{"start":{"line":122,"column":8},"end":{"line":122,"column":65}},"54":{"start":{"line":126,"column":4},"end":{"line":126,"column":48}},"55":{"start":{"line":128,"column":4},"end":{"line":135,"column":7}},"56":{"start":{"line":138,"column":4},"end":{"line":140,"column":5}},"57":{"start":{"line":139,"column":6},"end":{"line":139,"column":54}},"58":{"start":{"line":141,"column":4},"end":{"line":141,"column":56}},"59":{"start":{"line":142,"column":4},"end":{"line":144,"column":7}},"60":{"start":{"line":149,"column":0},"end":{"line":225,"column":3}},"61":{"start":{"line":150,"column":2},"end":{"line":224,"column":3}},"62":{"start":{"line":151,"column":4},"end":{"line":153,"column":5}},"63":{"start":{"line":152,"column":6},"end":{"line":152,"column":65}},"64":{"start":{"line":155,"column":20},"end":{"line":155,"column":44}},"65":{"start":{"line":156,"column":17},"end":{"line":156,"column":25}},"66":{"start":{"line":158,"column":40},"end":{"line":158,"column":48}},"67":{"start":{"line":160,"column":24},"end":{"line":165,"column":6}},"68":{"start":{"line":166,"column":19},"end":{"line":166,"column":58}},"69":{"start":{"line":168,"column":4},"end":{"line":173,"column":5}},"70":{"start":{"line":169,"column":6},"end":{"line":169,"column":50}},"71":{"start":{"line":170,"column":6},"end":{"line":172,"column":9}},"72":{"start":{"line":175,"column":27},"end":{"line":175,"column":41}},"73":{"start":{"line":177,"column":22},"end":{"line":177,"column":53}},"74":{"start":{"line":180,"column":4},"end":{"line":188,"column":5}},"75":{"start":{"line":181,"column":22},"end":{"line":181,"column":48}},"76":{"start":{"line":182,"column":6},"end":{"line":182,"column":87}},"77":{"start":{"line":184,"column":6},"end":{"line":184,"column":50}},"78":{"start":{"line":185,"column":6},"end":{"line":187,"column":9}},"79":{"start":{"line":190,"column":34},"end":{"line":195,"column":6}},"80":{"start":{"line":197,"column":29},"end":{"line":202,"column":6}},"81":{"start":{"line":204,"column":4},"end":{"line":204,"column":48}},"82":{"start":{"line":206,"column":4},"end":{"line":214,"column":7}},"83":{"start":{"line":217,"column":4},"end":{"line":219,"column":5}},"84":{"start":{"line":218,"column":6},"end":{"line":218,"column":54}},"85":{"start":{"line":220,"column":4},"end":{"line":220,"column":53}},"86":{"start":{"line":221,"column":4},"end":{"line":223,"column":7}},"87":{"start":{"line":228,"column":0},"end":{"line":265,"column":3}},"88":{"start":{"line":229,"column":2},"end":{"line":264,"column":3}},"89":{"start":{"line":230,"column":20},"end":{"line":230,"column":44}},"90":{"start":{"line":231,"column":4},"end":{"line":233,"column":5}},"91":{"start":{"line":232,"column":6},"end":{"line":232,"column":61}},"92":{"start":{"line":235,"column":18},"end":{"line":250,"column":6}},"93":{"start":{"line":252,"column":19},"end":{"line":252,"column":52}},"94":{"start":{"line":254,"column":4},"end":{"line":257,"column":7}},"95":{"start":{"line":260,"column":4},"end":{"line":260,"column":45}},"96":{"start":{"line":261,"column":4},"end":{"line":263,"column":7}},"97":{"start":{"line":268,"column":0},"end":{"line":306,"column":3}},"98":{"start":{"line":269,"column":2},"end":{"line":305,"column":3}},"99":{"start":{"line":270,"column":20},"end":{"line":270,"column":44}},"100":{"start":{"line":271,"column":4},"end":{"line":273,"column":5}},"101":{"start":{"line":272,"column":6},"end":{"line":272,"column":61}},"102":{"start":{"line":274,"column":25},"end":{"line":274,"column":38}},"103":{"start":{"line":276,"column":23},"end":{"line":282,"column":6}},"104":{"start":{"line":284,"column":24},"end":{"line":284,"column":76}},"105":{"start":{"line":286,"column":4},"end":{"line":290,"column":5}},"106":{"start":{"line":287,"column":6},"end":{"line":289,"column":9}},"107":{"start":{"line":292,"column":24},"end":{"line":292,"column":71}},"108":{"start":{"line":293,"column":4},"end":{"line":293,"column":50}},"109":{"start":{"line":295,"column":4},"end":{"line":298,"column":7}},"110":{"start":{"line":301,"column":4},"end":{"line":301,"column":53}},"111":{"start":{"line":302,"column":4},"end":{"line":304,"column":7}},"112":{"start":{"line":308,"column":0},"end":{"line":308,"column":22}}},"fnMap":{"0":{"name":"(anonymous_1)","decl":{"start":{"line":17,"column":80},"end":{"line":17,"column":85}},"loc":{"start":{"line":17,"column":122},"end":{"line":146,"column":1}}},"1":{"name":"(anonymous_2)","decl":{"start":{"line":56,"column":85},"end":{"line":56,"column":89}},"loc":{"start":{"line":56,"column":93},"end":{"line":56,"column":104}}},"2":{"name":"(anonymous_3)","decl":{"start":{"line":149,"column":77},"end":{"line":149,"column":82}},"loc":{"start":{"line":149,"column":119},"end":{"line":225,"column":1}}},"3":{"name":"(anonymous_4)","decl":{"start":{"line":228,"column":48},"end":{"line":228,"column":53}},"loc":{"start":{"line":228,"column":90},"end":{"line":265,"column":1}}},"4":{"name":"(anonymous_5)","decl":{"start":{"line":268,"column":60},"end":{"line":268,"column":65}},"loc":{"start":{"line":268,"column":102},"end":{"line":306,"column":1}}}},"branchMap":{"0":{"loc":{"start":{"line":19,"column":4},"end":{"line":21,"column":5}},"type":"if","locations":[{"start":{"line":19,"column":4},"end":{"line":21,"column":5}}]},"1":{"loc":{"start":{"line":29,"column":4},"end":{"line":34,"column":5}},"type":"if","locations":[{"start":{"line":29,"column":4},"end":{"line":34,"column":5}}]},"2":{"loc":{"start":{"line":51,"column":4},"end":{"line":76,"column":5}},"type":"if","locations":[{"start":{"line":51,"column":4},"end":{"line":76,"column":5}},{"start":{"line":53,"column":11},"end":{"line":76,"column":5}}]},"3":{"loc":{"start":{"line":51,"column":8},"end":{"line":51,"column":84}},"type":"binary-expr","locations":[{"start":{"line":51,"column":8},"end":{"line":51,"column":44}},{"start":{"line":51,"column":48},"end":{"line":51,"column":59}},{"start":{"line":51,"column":63},"end":{"line":51,"column":84}}]},"4":{"loc":{"start":{"line":53,"column":11},"end":{"line":76,"column":5}},"type":"if","locations":[{"start":{"line":53,"column":11},"end":{"line":76,"column":5}},{"start":{"line":55,"column":11},"end":{"line":76,"column":5}}]},"5":{"loc":{"start":{"line":53,"column":15},"end":{"line":53,"column":73}},"type":"binary-expr","locations":[{"start":{"line":53,"column":15},"end":{"line":53,"column":43}},{"start":{"line":53,"column":47},"end":{"line":53,"column":73}}]},"6":{"loc":{"start":{"line":56,"column":20},"end":{"line":56,"column":110}},"type":"cond-expr","locations":[{"start":{"line":56,"column":54},"end":{"line":56,"column":105}},{"start":{"line":56,"column":108},"end":{"line":56,"column":110}}]},"7":{"loc":{"start":{"line":61,"column":8},"end":{"line":74,"column":9}},"type":"if","locations":[{"start":{"line":61,"column":8},"end":{"line":74,"column":9}},{"start":{"line":64,"column":15},"end":{"line":74,"column":9}}]},"8":{"loc":{"start":{"line":61,"column":12},"end":{"line":61,"column":65}},"type":"binary-expr","locations":[{"start":{"line":61,"column":12},"end":{"line":61,"column":33}},{"start":{"line":61,"column":37},"end":{"line":61,"column":65}}]},"9":{"loc":{"start":{"line":64,"column":15},"end":{"line":74,"column":9}},"type":"if","locations":[{"start":{"line":64,"column":15},"end":{"line":74,"column":9}}]},"10":{"loc":{"start":{"line":64,"column":19},"end":{"line":64,"column":70}},"type":"binary-expr","locations":[{"start":{"line":64,"column":19},"end":{"line":64,"column":40}},{"start":{"line":64,"column":44},"end":{"line":64,"column":70}}]},"11":{"loc":{"start":{"line":66,"column":10},"end":{"line":73,"column":11}},"type":"if","locations":[{"start":{"line":66,"column":10},"end":{"line":73,"column":11}}]},"12":{"loc":{"start":{"line":66,"column":14},"end":{"line":66,"column":39}},"type":"binary-expr","locations":[{"start":{"line":66,"column":14},"end":{"line":66,"column":29}},{"start":{"line":66,"column":33},"end":{"line":66,"column":39}}]},"13":{"loc":{"start":{"line":78,"column":4},"end":{"line":83,"column":5}},"type":"if","locations":[{"start":{"line":78,"column":4},"end":{"line":83,"column":5}}]},"14":{"loc":{"start":{"line":117,"column":10},"end":{"line":117,"column":36}},"type":"binary-expr","locations":[{"start":{"line":117,"column":10},"end":{"line":117,"column":30}},{"start":{"line":117,"column":34},"end":{"line":117,"column":36}}]},"15":{"loc":{"start":{"line":118,"column":10},"end":{"line":118,"column":40}},"type":"binary-expr","locations":[{"start":{"line":118,"column":10},"end":{"line":118,"column":30}},{"start":{"line":118,"column":34},"end":{"line":118,"column":40}}]},"16":{"loc":{"start":{"line":138,"column":4},"end":{"line":140,"column":5}},"type":"if","locations":[{"start":{"line":138,"column":4},"end":{"line":140,"column":5}}]},"17":{"loc":{"start":{"line":151,"column":4},"end":{"line":153,"column":5}},"type":"if","locations":[{"start":{"line":151,"column":4},"end":{"line":153,"column":5}}]},"18":{"loc":{"start":{"line":168,"column":4},"end":{"line":173,"column":5}},"type":"if","locations":[{"start":{"line":168,"column":4},"end":{"line":173,"column":5}}]},"19":{"loc":{"start":{"line":168,"column":8},"end":{"line":168,"column":62}},"type":"binary-expr","locations":[{"start":{"line":168,"column":8},"end":{"line":168,"column":32}},{"start":{"line":168,"column":36},"end":{"line":168,"column":62}}]},"20":{"loc":{"start":{"line":182,"column":23},"end":{"line":182,"column":86}},"type":"cond-expr","locations":[{"start":{"line":182,"column":53},"end":{"line":182,"column":60}},{"start":{"line":182,"column":63},"end":{"line":182,"column":86}}]},"21":{"loc":{"start":{"line":200,"column":6},"end":{"line":200,"column":57}},"type":"binary-expr","locations":[{"start":{"line":200,"column":6},"end":{"line":200,"column":16}},{"start":{"line":200,"column":20},"end":{"line":200,"column":57}}]},"22":{"loc":{"start":{"line":201,"column":6},"end":{"line":201,"column":36}},"type":"binary-expr","locations":[{"start":{"line":201,"column":6},"end":{"line":201,"column":17}},{"start":{"line":201,"column":21},"end":{"line":201,"column":36}}]},"23":{"loc":{"start":{"line":213,"column":19},"end":{"line":213,"column":49}},"type":"binary-expr","locations":[{"start":{"line":213,"column":19},"end":{"line":213,"column":30}},{"start":{"line":213,"column":34},"end":{"line":213,"column":49}}]},"24":{"loc":{"start":{"line":217,"column":4},"end":{"line":219,"column":5}},"type":"if","locations":[{"start":{"line":217,"column":4},"end":{"line":219,"column":5}}]},"25":{"loc":{"start":{"line":231,"column":4},"end":{"line":233,"column":5}},"type":"if","locations":[{"start":{"line":231,"column":4},"end":{"line":233,"column":5}}]},"26":{"loc":{"start":{"line":271,"column":4},"end":{"line":273,"column":5}},"type":"if","locations":[{"start":{"line":271,"column":4},"end":{"line":273,"column":5}}]},"27":{"loc":{"start":{"line":286,"column":4},"end":{"line":290,"column":5}},"type":"if","locations":[{"start":{"line":286,"column":4},"end":{"line":290,"column":5}}]}},"s":{"0":1,"1":1,"2":1,"3":1,"4":1,"5":1,"6":1,"7":1,"8":4,"9":4,"10":0,"11":4,"12":4,"13":4,"14":4,"15":4,"16":0,"17":0,"18":4,"19":4,"20":4,"21":4,"22":0,"23":0,"24":4,"25":4,"26":2,"27":2,"28":0,"29":2,"30":0,"31":2,"32":2,"33":2,"34":0,"35":0,"36":0,"37":0,"38":0,"39":0,"40":0,"41":4,"42":2,"43":2,"44":2,"45":2,"46":2,"47":1,"48":1,"49":1,"50":1,"51":1,"52":1,"53":0,"54":1,"55":1,"56":1,"57":1,"58":1,"59":1,"60":1,"61":2,"62":2,"63":0,"64":2,"65":2,"66":2,"67":2,"68":2,"69":2,"70":1,"71":1,"72":1,"73":1,"74":1,"75":1,"76":1,"77":0,"78":0,"79":1,"80":1,"81":1,"82":1,"83":0,"84":0,"85":0,"86":0,"87":1,"88":2,"89":2,"90":2,"91":0,"92":2,"93":2,"94":2,"95":0,"96":0,"97":1,"98":2,"99":2,"100":2,"101":0,"102":2,"103":2,"104":2,"105":2,"106":1,"107":1,"108":1,"109":1,"110":0,"111":0,"112":1},"f":{"0":4,"1":0,"2":2,"3":2,"4":2},"b":{"0":[0],"1":[0],"2":[2,2],"3":[4,4,4],"4":[0,2],"5":[2,0],"6":[0,2],"7":[0,0],"8":[0,0],"9":[0],"10":[0,0],"11":[0],"12":[0,0],"13":[2],"14":[1,0],"15":[1,1],"16":[1],"17":[0],"18":[1],"19":[2,2],"20":[1,0],"21":[1,1],"22":[1,1],"23":[1,1],"24":[0],"25":[0],"26":[0],"27":[1]}}
,"C:\\Users\\itimu\\my-new-project\\src\\routes\\users.ts": {"path":"C:\\Users\\itimu\\my-new-project\\src\\routes\\users.ts","statementMap":{"0":{"start":{"line":1,"column":0},"end":{"line":1,"column":52}},"1":{"start":{"line":2,"column":0},"end":{"line":2,"column":30}},"2":{"start":{"line":3,"column":0},"end":{"line":3,"column":31}},"3":{"start":{"line":4,"column":0},"end":{"line":4,"column":22}},"4":{"start":{"line":5,"column":0},"end":{"line":5,"column":40}},"5":{"start":{"line":7,"column":15},"end":{"line":7,"column":23}},"6":{"start":{"line":12,"column":23},"end":{"line":15,"column":2}},"7":{"start":{"line":17,"column":20},"end":{"line":20,"column":2}},"8":{"start":{"line":25,"column":0},"end":{"line":87,"column":3}},"9":{"start":{"line":26,"column":2},"end":{"line":86,"column":3}},"10":{"start":{"line":28,"column":29},"end":{"line":28,"column":62}},"11":{"start":{"line":29,"column":4},"end":{"line":35,"column":5}},"12":{"start":{"line":30,"column":6},"end":{"line":33,"column":9}},"13":{"start":{"line":34,"column":6},"end":{"line":34,"column":13}},"14":{"start":{"line":37,"column":32},"end":{"line":37,"column":37}},"15":{"start":{"line":40,"column":30},"end":{"line":40,"column":69}},"16":{"start":{"line":41,"column":25},"end":{"line":41,"column":69}},"17":{"start":{"line":43,"column":4},"end":{"line":48,"column":5}},"18":{"start":{"line":44,"column":6},"end":{"line":46,"column":9}},"19":{"start":{"line":47,"column":6},"end":{"line":47,"column":13}},"20":{"start":{"line":51,"column":23},"end":{"line":51,"column":25}},"21":{"start":{"line":52,"column":27},"end":{"line":52,"column":66}},"22":{"start":{"line":55,"column":28},"end":{"line":59,"column":6}},"23":{"start":{"line":61,"column":19},"end":{"line":61,"column":77}},"24":{"start":{"line":62,"column":20},"end":{"line":62,"column":34}},"25":{"start":{"line":65,"column":18},"end":{"line":68,"column":null}},"26":{"start":{"line":71,"column":4},"end":{"line":80,"column":7}},"27":{"start":{"line":82,"column":4},"end":{"line":82,"column":48}},"28":{"start":{"line":83,"column":4},"end":{"line":85,"column":7}},"29":{"start":{"line":92,"column":0},"end":{"line":156,"column":3}},"30":{"start":{"line":93,"column":2},"end":{"line":155,"column":3}},"31":{"start":{"line":95,"column":29},"end":{"line":95,"column":59}},"32":{"start":{"line":96,"column":4},"end":{"line":102,"column":5}},"33":{"start":{"line":97,"column":6},"end":{"line":100,"column":9}},"34":{"start":{"line":101,"column":6},"end":{"line":101,"column":13}},"35":{"start":{"line":104,"column":32},"end":{"line":104,"column":37}},"36":{"start":{"line":108,"column":6},"end":{"line":108,"column":83}},"37":{"start":{"line":109,"column":23},"end":{"line":109,"column":59}},"38":{"start":{"line":111,"column":4},"end":{"line":116,"column":5}},"39":{"start":{"line":112,"column":6},"end":{"line":114,"column":9}},"40":{"start":{"line":115,"column":6},"end":{"line":115,"column":13}},"41":{"start":{"line":118,"column":17},"end":{"line":118,"column":35}},"42":{"start":{"line":121,"column":28},"end":{"line":121,"column":78}},"43":{"start":{"line":122,"column":4},"end":{"line":127,"column":5}},"44":{"start":{"line":123,"column":6},"end":{"line":125,"column":9}},"45":{"start":{"line":126,"column":6},"end":{"line":126,"column":13}},"46":{"start":{"line":131,"column":6},"end":{"line":131,"column":69}},"47":{"start":{"line":132,"column":4},"end":{"line":132,"column":50}},"48":{"start":{"line":135,"column":18},"end":{"line":138,"column":null}},"49":{"start":{"line":141,"column":4},"end":{"line":149,"column":7}},"50":{"start":{"line":151,"column":4},"end":{"line":151,"column":41}},"51":{"start":{"line":152,"column":4},"end":{"line":154,"column":7}},"52":{"start":{"line":161,"column":0},"end":{"line":206,"column":3}},"53":{"start":{"line":162,"column":2},"end":{"line":205,"column":3}},"54":{"start":{"line":163,"column":20},"end":{"line":163,"column":43}},"55":{"start":{"line":165,"column":22},"end":{"line":171,"column":6}},"56":{"start":{"line":173,"column":19},"end":{"line":173,"column":56}},"57":{"start":{"line":175,"column":4},"end":{"line":178,"column":5}},"58":{"start":{"line":176,"column":6},"end":{"line":176,"column":56}},"59":{"start":{"line":177,"column":6},"end":{"line":177,"column":13}},"60":{"start":{"line":180,"column":21},"end":{"line":180,"column":35}},"61":{"start":{"line":181,"column":4},"end":{"line":199,"column":7}},"62":{"start":{"line":201,"column":4},"end":{"line":201,"column":49}},"63":{"start":{"line":202,"column":4},"end":{"line":204,"column":7}},"64":{"start":{"line":212,"column":21},"end":{"line":212,"column":49}},"65":{"start":{"line":213,"column":16},"end":{"line":213,"column":54}},"66":{"start":{"line":215,"column":2},"end":{"line":218,"column":3}},"67":{"start":{"line":216,"column":4},"end":{"line":216,"column":61}},"68":{"start":{"line":217,"column":4},"end":{"line":217,"column":11}},"69":{"start":{"line":220,"column":2},"end":{"line":231,"column":4}},"70":{"start":{"line":224,"column":6},"end":{"line":227,"column":7}},"71":{"start":{"line":225,"column":8},"end":{"line":225,"column":68}},"72":{"start":{"line":226,"column":8},"end":{"line":226,"column":15}},"73":{"start":{"line":228,"column":7},"end":{"line":228,"column":31}},"74":{"start":{"line":229,"column":6},"end":{"line":229,"column":13}},"75":{"start":{"line":234,"column":0},"end":{"line":234,"column":22}}},"fnMap":{"0":{"name":"(anonymous_1)","decl":{"start":{"line":25,"column":25},"end":{"line":25,"column":30}},"loc":{"start":{"line":25,"column":78},"end":{"line":87,"column":1}}},"1":{"name":"(anonymous_2)","decl":{"start":{"line":92,"column":22},"end":{"line":92,"column":27}},"loc":{"start":{"line":92,"column":75},"end":{"line":156,"column":1}}},"2":{"name":"(anonymous_3)","decl":{"start":{"line":161,"column":42},"end":{"line":161,"column":47}},"loc":{"start":{"line":161,"column":95},"end":{"line":206,"column":1}}},"3":{"name":"authenticateToken","decl":{"start":{"line":211,"column":9},"end":{"line":211,"column":26}},"loc":{"start":{"line":211,"column":65},"end":{"line":232,"column":1}}},"4":{"name":"(anonymous_5)","decl":{"start":{"line":223,"column":4},"end":{"line":223,"column":5}},"loc":{"start":{"line":223,"column":28},"end":{"line":230,"column":5}}}},"branchMap":{"0":{"loc":{"start":{"line":29,"column":4},"end":{"line":35,"column":5}},"type":"if","locations":[{"start":{"line":29,"column":4},"end":{"line":35,"column":5}}]},"1":{"loc":{"start":{"line":43,"column":4},"end":{"line":48,"column":5}},"type":"if","locations":[{"start":{"line":43,"column":4},"end":{"line":48,"column":5}}]},"2":{"loc":{"start":{"line":67,"column":6},"end":{"line":67,"column":49}},"type":"binary-expr","locations":[{"start":{"line":67,"column":6},"end":{"line":67,"column":28}},{"start":{"line":67,"column":32},"end":{"line":67,"column":49}}]},"3":{"loc":{"start":{"line":96,"column":4},"end":{"line":102,"column":5}},"type":"if","locations":[{"start":{"line":96,"column":4},"end":{"line":102,"column":5}}]},"4":{"loc":{"start":{"line":111,"column":4},"end":{"line":116,"column":5}},"type":"if","locations":[{"start":{"line":111,"column":4},"end":{"line":116,"column":5}}]},"5":{"loc":{"start":{"line":122,"column":4},"end":{"line":127,"column":5}},"type":"if","locations":[{"start":{"line":122,"column":4},"end":{"line":127,"column":5}}]},"6":{"loc":{"start":{"line":137,"column":6},"end":{"line":137,"column":49}},"type":"binary-expr","locations":[{"start":{"line":137,"column":6},"end":{"line":137,"column":28}},{"start":{"line":137,"column":32},"end":{"line":137,"column":49}}]},"7":{"loc":{"start":{"line":175,"column":4},"end":{"line":178,"column":5}},"type":"if","locations":[{"start":{"line":175,"column":4},"end":{"line":178,"column":5}}]},"8":{"loc":{"start":{"line":189,"column":14},"end":{"line":198,"column":14}},"type":"cond-expr","locations":[{"start":{"line":190,"column":10},"end":{"line":197,"column":null}},{"start":{"line":198,"column":10},"end":{"line":198,"column":14}}]},"9":{"loc":{"start":{"line":213,"column":16},"end":{"line":213,"column":54}},"type":"binary-expr","locations":[{"start":{"line":213,"column":16},"end":{"line":213,"column":26}},{"start":{"line":213,"column":30},"end":{"line":213,"column":54}}]},"10":{"loc":{"start":{"line":215,"column":2},"end":{"line":218,"column":3}},"type":"if","locations":[{"start":{"line":215,"column":2},"end":{"line":218,"column":3}}]},"11":{"loc":{"start":{"line":222,"column":4},"end":{"line":222,"column":47}},"type":"binary-expr","locations":[{"start":{"line":222,"column":4},"end":{"line":222,"column":26}},{"start":{"line":222,"column":30},"end":{"line":222,"column":47}}]},"12":{"loc":{"start":{"line":224,"column":6},"end":{"line":227,"column":7}},"type":"if","locations":[{"start":{"line":224,"column":6},"end":{"line":227,"column":7}}]}},"s":{"0":1,"1":1,"2":1,"3":1,"4":1,"5":1,"6":1,"7":1,"8":1,"9":4,"10":4,"11":4,"12":2,"13":2,"14":2,"15":2,"16":2,"17":2,"18":1,"19":1,"20":1,"21":1,"22":1,"23":1,"24":1,"25":1,"26":1,"27":0,"28":0,"29":1,"30":3,"31":3,"32":3,"33":0,"34":0,"35":3,"36":3,"37":3,"38":3,"39":1,"40":1,"41":2,
[...]
8},"end":{"line":200,"column":86}},"18":{"start":{"line":201,"column":19},"end":{"line":201,"column":48}},"19":{"start":{"line":202,"column":4},"end":{"line":202,"column":34}},"20":{"start":{"line":211,"column":21},"end":{"line":211,"column":59}},"21":{"start":{"line":212,"column":4},"end":{"line":214,"column":5}},"22":{"start":{"line":213,"column":6},"end":{"line":213,"column":44}},"23":{"start":{"line":216,"column":30},"end":{"line":216,"column":65}},"24":{"start":{"line":217,"column":27},"end":{"line":217,"column":52}},"25":{"start":{"line":220,"column":28},"end":{"line":222,"column":43}},"26":{"start":{"line":221,"column":39},"end":{"line":221,"column":71}},"27":{"start":{"line":222,"column":36},"end":{"line":222,"column":42}},"28":{"start":{"line":224,"column":4},"end":{"line":226,"column":5}},"29":{"start":{"line":225,"column":6},"end":{"line":225,"column":83}},"30":{"start":{"line":229,"column":31},"end":{"line":229,"column":47}},"31":{"start":{"line":230,"column":4},"end":{"line":234,"column":7}},"32":{"start":{"line":231,"column":6},"end":{"line":233,"column":7}},"33":{"start":{"line":232,"column":8},"end":{"line":232,"column":73}},"34":{"start":{"line":237,"column":4},"end":{"line":240,"column":7}},"35":{"start":{"line":238,"column":20},"end":{"line":238,"column":49}},"36":{"start":{"line":239,"column":6},"end":{"line":239,"column":72}},"37":{"start":{"line":243,"column":30},"end":{"line":243,"column":68}},"38":{"start":{"line":244,"column":4},"end":{"line":250,"column":5}},"39":{"start":{"line":245,"column":6},"end":{"line":245,"column":78}},"40":{"start":{"line":247,"column":6},"end":{"line":249,"column":9}},"41":{"start":{"line":248,"column":8},"end":{"line":248,"column":63}},"42":{"start":{"line":253,"column":4},"end":{"line":256,"column":14}},"43":{"start":{"line":258,"column":4},"end":{"line":263,"column":6}},"44":{"start":{"line":268,"column":22},"end":{"line":268,"column":24}},"45":{"start":{"line":269,"column":19},"end":{"line":269,"column":21}},"46":{"start":{"line":270,"column":21},"end":{"line":270,"column":22}},"47":{"start":{"line":272,"column":4},"end":{"line":281,"column":7}},"48":{"start":{"line":273,"column":6},"end":{"line":279,"column":7}},"49":{"start":{"line":274,"column":8},"end":{"line":274,"column":52}},"50":{"start":{"line":275,"column":8},"end":{"line":275,"column":58}},"51":{"start":{"line":277,"column":8},"end":{"line":277,"column":49}},"52":{"start":{"line":278,"column":8},"end":{"line":278,"column":27}},"53":{"start":{"line":280,"column":6},"end":{"line":280,"column":19}},"54":{"start":{"line":283,"column":4},"end":{"line":285,"column":5}},"55":{"start":{"line":284,"column":6},"end":{"line":284,"column":51}},"56":{"start":{"line":287,"column":4},"end":{"line":287,"column":53}},"57":{"start":{"line":288,"column":4},"end":{"line":288,"column":20}},"58":{"start":{"line":290,"column":18},"end":{"line":295,"column":6}},"59":{"start":{"line":297,"column":19},"end":{"line":297,"column":50}},"60":{"start":{"line":298,"column":4},"end":{"line":298,"column":34}},"61":{"start":{"line":303,"column":18},"end":{"line":307,"column":6}},"62":{"start":{"line":309,"column":19},"end":{"line":309,"column":48}},"63":{"start":{"line":310,"column":4},"end":{"line":310,"column":38}},"64":{"start":{"line":315,"column":16},"end":{"line":325,"column":6}},"65":{"start":{"line":327,"column":19},"end":{"line":327,"column":21}},"66":{"start":{"line":328,"column":4},"end":{"line":331,"column":5}},"67":{"start":{"line":329,"column":6},"end":{"line":329,"column":33}},"68":{"start":{"line":330,"column":6},"end":{"line":330,"column":30}},"69":{"start":{"line":333,"column":4},"end":{"line":333,"column":93}},"70":{"start":{"line":335,"column":19},"end":{"line":335,"column":50}},"71":{"start":{"line":336,"column":4},"end":{"line":336,"column":53}},"72":{"start":{"line":346,"column":22},"end":{"line":346,"column":58}},"73":{"start":{"line":348,"column":4},"end":{"line":350,"column":5}},"74":{"start":{"line":349,"column":6},"end":{"line":349,"column":23}},"75":{"start":{"line":353,"column":28},"end":{"line":374,"column":6}},"76":{"start":{"line":354,"column":18},"end":{"line":354,"column":21}},"77":{"start":{"line":357,"column":24},"end":{"line":357,"column":59}},"78":{"start":{"line":360,"column":6},"end":{"line":363,"column":7}},"79":{"start":{"line":361,"column":8},"end":{"line":361,"column":49}},"80":{"start":{"line":362,"column":8},"end":{"line":362,"column":21}},"81":{"start":{"line":366,"column":30},"end":{"line":366,"column":69}},"82":{"start":{"line":367,"column":26},"end":{"line":367,"column":63}},"83":{"start":{"line":369,"column":6},"end":{"line":369,"column":84}},"84":{"start":{"line":369,"column":71},"end":{"line":369,"column":84}},"85":{"start":{"line":370,"column":6},"end":{"line":370,"column":94}},"86":{"start":{"line":370,"column":81},"end":{"line":370,"column":94}},"87":{"start":{"line":371,"column":6},"end":{"line":371,"column":82}},"88":{"start":{"line":371,"column":69},"end":{"line":371,"column":82}},"89":{"start":{"line":373,"column":6},"end":{"line":373,"column":57}},"90":{"start":{"line":377,"column":4},"end":{"line":379,"column":19}},"91":{"start":{"line":378,"column":22},"end":{"line":378,"column":67}},"92":{"start":{"line":384,"column":19},"end":{"line":384,"column":21}},"93":{"start":{"line":387,"column":4},"end":{"line":389,"column":5}},"94":{"start":{"line":388,"column":6},"end":{"line":388,"column":47}},"95":{"start":{"line":391,"column":4},"end":{"line":393,"column":5}},"96":{"start":{"line":392,"column":6},"end":{"line":392,"column":47}},"97":{"start":{"line":395,"column":4},"end":{"line":397,"column":5}},"98":{"start":{"line":396,"column":6},"end":{"line":396,"column":50}},"99":{"start":{"line":400,"column":29},"end":{"line":401,"column":47}},"100":{"start":{"line":401,"column":20},"end":{"line":401,"column":46}},"101":{"start":{"line":403,"column":29},"end":{"line":403,"column":68}},"102":{"start":{"line":403,"column":61},"end":{"line":403,"column":67}},"103":{"start":{"line":406,"column":31},"end":{"line":406,"column":92}},"104":{"start":{"line":406,"column":61},"end":{"line":406,"column":91}},"105":{"start":{"line":407,"column":4},"end":{"line":409,"column":5}},"106":{"start":{"line":408,"column":6},"end":{"line":408,"column":86}},"107":{"start":{"line":412,"column":28},"end":{"line":412,"column":89}},"108":{"start":{"line":412,"column":58},"end":{"line":412,"column":88}},"109":{"start":{"line":413,"column":4},"end":{"line":415,"column":5}},"110":{"start":{"line":414,"column":6},"end":{"line":414,"column":80}},"111":{"start":{"line":418,"column":4},"end":{"line":430,"column":7}},"112":{"start":{"line":419,"column":6},"end":{"line":421,"column":7}},"113":{"start":{"line":420,"column":8},"end":{"line":420,"column":63}},"114":{"start":{"line":423,"column":6},"end":{"line":425,"column":7}},"115":{"start":{"line":424,"column":8},"end":{"line":424,"column":63}},"116":{"start":{"line":427,"column":6},"end":{"line":429,"column":7}},"117":{"start":{"line":428,"column":8},"end":{"line":428,"column":79}},"118":{"start":{"line":432,"column":4},"end":{"line":435,"column":6}},"119":{"start":{"line":30,"column":26},"end":{"line":137,"column":4}},"120":{"start":{"line":440,"column":13},"end":{"line":440,"column":53}},"121":{"start":{"line":441,"column":0},"end":{"line":441,"column":31}}},"fnMap":{"0":{"name":"(anonymous_1)","decl":{"start":{"line":140,"column":2},"end":{"line":140,"column":7}},"loc":{"start":{"line":140,"column":34},"end":{"line":149,"column":3}}},"1":{"name":"(anonymous_2)","decl":{"start":{"line":152,"column":2},"end":{"line":152,"column":7}},"loc":{"start":{"line":152,"column":58},"end":{"line":180,"column":3}}},"2":{"name":"(anonymous_3)","decl":{"start":{"line":183,"column":2},"end":{"line":183,"column":7}},"loc":{"start":{"line":183,"column":42},"end":{"line":196,"column":3}}},"3":{"name":"(anonymous_4)","decl":{"start":{"line":199,"column":2},"end":{"line":199,"column":7}},"loc":{"start":{"line":199,"column":34},"end":{"line":203,"column":3}}},"4":{"name":"(anonymous_5)","decl":{"start":{"line":206,"column":2},"end":{"line":206,"column":7}},"loc":{"start":{"line":209,"column":21},"end":{"line":264,"column":3}}},"5":{"name":"(anonymous_6)","decl":{"start":{"line":221,"column":14},"end":{"line":221,"column":15}},"loc":{"start":{"line":221,"column":39},"end":{"line":221,"column":71}}},"6":{"name":"(anonymous_7)","decl":{"start":{"line":222,"column":11},"end":{"line":222,"column":12}},"loc":{"start":{"line":222,"column":36},"end":{"line":222,"column":42}}},"7":{"name":"(anonymous_8)","decl":{"start":{"line":230,"column":30},"end":{"line":230,"column":31}},"loc":{"start":{"line":230,"column":64},"end":{"line":234,"column":5}}},"8":{"name":"(anonymous_9)","decl":{"start":{"line":237,"column":47},"end":{"line":237,"column":48}},"loc":{"start":{"line":237,"column":64},"end":{"line":240,"column":5}}},"9":{"name":"(anonymous_10)","decl":{"start":{"line":247,"column":32},"end":{"line":247,"column":37}},"loc":{"start":{"line":247,"column":40},"end":{"line":249,"column":7}}},"10":{"name":"(anonymous_11)","decl":{"start":{"line":267,"column":2},"end":{"line":267,"column":7}},"loc":{"start":{"line":267,"column":74},"end":{"line":299,"column":3}}},"11":{"name":"(anonymous_12)","decl":{"start":{"line":272,"column":36},"end":{"line":272,"column":37}},"loc":{"start":{"line":272,"column":53},"end":{"line":281,"column":5}}},"12":{"name":"(anonymous_13)","decl":{"start":{"line":302,"column":2},"end":{"line":302,"column":7}},"loc":{"start":{"line":302,"column":33},"end":{"line":311,"column":3}}},"13":{"name":"(anonymous_14)","decl":{"start":{"line":314,"column":2},"end":{"line":314,"column":7}},"loc":{"start":{"line":314,"column":44},"end":{"line":337,"column":3}}},"14":{"name":"(anonymous_15)","decl":{"start":{"line":340,"column":2},"end":{"line":340,"column":7}},"loc":{"start":{"line":343,"column":20},"end":{"line":380,"column":3}}},"15":{"name":"(anonymous_16)","decl":{"start":{"line":353,"column":42},"end":{"line":353,"column":50}},"loc":{"start":{"line":353,"column":53},"end":{"line":374,"column":5}}},"16":{"name":"(anonymous_17)","decl":{"start":{"line":360,"column":25},"end":{"line":360,"column":26}},"loc":{"start":{"line":361,"column":8},"end":{"line":361,"column":49}}},"17":{"name":"(anonymous_18)","decl":{"start":{"line":378,"column":12},"end":{"line":378,"column":13}},"loc":{"start":{"line":378,"column":22},"end":{"line":378,"column":67}}},"18":{"name":"(anonymous_19)","decl":{"start":{"line":383,"column":2},"end":{"line":383,"column":18}},"loc":{"start":{"line":383,"column":54},"end":{"line":436,"column":3}}},"19":{"name":"(anonymous_20)","decl":{"start":{"line":401,"column":11},"end":{"line":401,"column":16}},"loc":{"start":{"line":401,"column":20},"end":{"line":401,"column":46}}},"20":{"name":"(anonymous_21)","decl":{"start":{"line":403,"column":56},"end":{"line":403,"column":57}},"loc":{"start":{"line":403,"column":61},"end":{"line":403,"column":67}}},"21":{"name":"(anonymous_22)","decl":{"start":{"line":406,"column":55},"end":{"line":406,"column":57}},"loc":{"start":{"line":406,"column":61},"end":{"line":406,"column":91}}},"22":{"name":"(anonymous_23)","decl":{"start":{"line":412,"column":52},"end":{"line":412,"column":54}},"loc":{"start":{"line":412,"column":58},"end":{"line":412,"column":88}}},"23":{"name":"(anonymous_24)","decl":{"start":{"line":418,"column":35},"end":{"line":418,"column":36}},"loc":{"start":{"line":418,"column":55},"end":{"line":430,"column":5}}}},"branchMap":{"0":{"loc":{"start":{"line":187,"column":4},"end":{"line":190,"column":5}},"type":"if","locations":[{"start":{"line":187,"column":4},"end":{"line":190,"column":5}}]},"1":{"loc":{"start":{"line":202,"column":11},"end":{"line":202,"column":33}},"type":"binary-expr","locations":[{"start":{"line":202,"column":11},"end":{"line":202,"column":25}},{"start":{"line":202,"column":29},"end":{"line":202,"column":33}}]},"2":{"loc":{"start":{"line":212,"column":4},"end":{"line":214,"column":5}},"type":"if","locations":[{"start":{"line":212,"column":4},"end":{"line":214,"column":5}}]},"3":{"loc":{"start":{"line":216,"column":30},"end":{"line":216,"column":65}},"type":"binary-expr","locations":[{"start":{"line":216,"column":30},"end":{"line":216,"column":59}},{"start":{"line":216,"column":63},"end":{"line":216,"column":65}}]},"4":{"loc":{"start":{"line":221,"column":39},"end":{"line":221,"column":71}},"type":"binary-expr","locations":[{"start":{"line":221,"column":39},"end":{"line":221,"column":49}},{"start":{"line":221,"column":53},"end":{"line":221,"column":71}}]},"5":{"loc":{"start":{"line":224,"column":4},"end":{"line":226,"column":5}},"type":"if","locations":[{"start":{"line":224,"column":4},"end":{"line":226,"column":5}}]},"6":{"loc":{"start":{"line":231,"column":6},"end":{"line":233,"column":7}},"type":"if","locations":[{"start":{"line":231,"column":6},"end":{"line":233,"column":7}}]},"7":{"loc":{"start":{"line":231,"column":10},"end":{"line":231,"column":90}},"type":"binary-expr","locations":[{"start":{"line":231,"column":10},"end":{"line":231,"column":47}},{"start":{"line":231,"column":51},"end":{"line":231,"column":90}}]},"8":{"loc":{"start":{"line":244,"column":4},"end":{"line":250,"column":5}},"type":"if","locations":[{"start":{"line":244,"column":4},"end":{"line":250,"column":5}}]},"9":{"loc":{"start":{"line":273,"column":6},"end":{"line":279,"column":7}},"type":"if","locations":[{"start":{"line":273,"column":6},"end":{"line":279,"column":7}},{"start":{"line":276,"column":13},"end":{"line":279,"column":7}}]},"10":{"loc":{"start":{"line":283,"column":4},"end":{"line":285,"column":5}},"type":"if","locations":[{"start":{"line":283,"column":4},"end":{"line":285,"column":5}}]},"11":{"loc":{"start":{"line":298,"column":11},"end":{"line":298,"column":33}},"type":"binary-expr","locations":[{"start":{"line":298,"column":11},"end":{"line":298,"column":25}},{"start":{"line":298,"column":29},"end":{"line":298,"column":33}}]},"12":{"loc":{"start":{"line":310,"column":12},"end":{"line":310,"column":32}},"type":"binary-expr","locations":[{"start":{"line":310,"column":12},"end":{"line":310,"column":27}},{"start":{"line":310,"column":31},"end":{"line":310,"column":32}}]},"13":{"loc":{"start":{"line":328,"column":4},"end":{"line":331,"column":5}},"type":"if","locations":[{"start":{"line":328,"column":4},"end":{"line":331,"column":5}}]},"14":{"loc":{"start":{"line":336,"column":11},"end":{"line":336,"column":52}},"type":"cond-expr","locations":[{"start":{"line":336,"column":24},"end":{"line":336,"column":38}},{"start":{"line":336,"column":41},"end":{"line":336,"column":52}}]},"15":{"loc":{"start":{"line":348,"column":4},"end":{"line":350,"column":5}},"type":"if","locations":[{"start":{"line":348,"column":4},"end":{"line":350,"column":5}}]},"16":{"loc":{"start":{"line":357,"column":24},"end":{"line":357,"column":59}},"type":"binary-expr","locations":[{"start":{"line":357,"column":24},"end":{"line":357,"column":53}},{"start":{"line":357,"column":57},"end":{"line":357,"column":59}}]},"17":{"loc":{"start":{"line":360,"column":6},"end":{"line":363,"column":7}},"type":"if","locations":[{"start":{"line":360,"column":6},"end":{"line":363,"column":7}}]},"18":{"loc":{"start":{"line":367,"column":26},"end":{"line":367,"column":63}},"type":"binary-expr","locations":[{"start":{"line":367,"column":26},"end":{"line":367,"column":57}},{"start":{"line":367,"column":61},"end":{"line":367,"column":63}}]},"19":{"loc":{"start":{"line":369,"column":6},"end":{"line":369,"column":84}},"type":"if","locations":[{"start":{"line":369,"column":6},"end":{"line":369,"column":84}}]},"20":{"loc":{"start":{"line":369,"column":10},"end":{"line":369,"column":69}},"type":"binary-expr","locations":[{"start":{"line":369,"column":10},"end":{"line":369,"column":34}},{"start":{"line":369,"column":38},"end":{"line":369,"column":69}}]},"21":{"loc":{"start":{"line":370,"column":6},"end":{"line":370,"column":94}},"type":"if","locations":[{"start":{"line":370,"column":6},"end":{"line":370,"column":94}}]},"22":{"loc":{"start":{"line":370,"column":10},"end":{"line":370,"column":79}},"type":"binary-expr","locations":[{"start":{"line":370,"column":10},"end":{"line":370,"column":40}},{"start":{"line":370,"column":44},"end":{"line":370,"column":79}}]},"23":{"loc":{"start":{"line":371,"column":6},"end":{"line":371,"column":82}},"type":"if","locations":[{"start":{"line":371,"column":6},"end":{"line":371,"column":82}}]},"24":{"loc":{"start":{"line":371,"column":10},"end":{"line":371,"column":67}},"type":"binary-expr","locations":[{"start":{"line":371,"column":10},"end":{"line":371,"column":32}},{"start":{"line":371,"column":36},"end":{"line":371,"column":67}}]},"25":{"loc":{"start":{"line":387,"column":4},"end":{"line":389,"column":5}},"type":"if","locations":[{"start":{"line":387,"column":4},"end":{"line":389,"column":5}}]},"26":{"loc":{"start":{"line":391,"column":4},"end":{"line":393,"column":5}},"type":"if","locations":[{"start":{"line":391,"column":4},"end":{"line":393,"column":5}}]},"27":{"loc":{"start":{"line":395,"column":4},"end":{"line":397,"column":5}},"type":"if","locations":[{"start":{"line":395,"column":4},"end":{"line":397,"column":5}}]},"28":{"loc":{"start":{"line":400,"column":30},"end":{"line":400,"column":87}},"type":"binary-expr","locations":[{"start":{"line":400,"column":30},"end":{"line":400,"column":81}},{"start":{"line":400,"column":85},"end":{"line":400,"column":87}}]},"29":{"loc":{"start":{"line":407,"column":4},"end":{"line":409,"column":5}},"type":"if","locations":[{"start":{"line":407,"column":4},"end":{"line":409,"column":5}}]},"30":{"loc":{"start":{"line":413,"column":4},"end":{"line":415,"column":5}},"type":"if","locations":[{"start":{"line":413,"column":4},"end":{"line":415,"column":5}}]},"31":{"loc":{"start":{"line":419,"column":6},"end":{"line":421,"column":7}},"type":"if","locations":[{"start":{"line":419,"column":6},"end":{"line":421,"column":7}}]},"32":{"loc":{"start":{"line":423,"column":6},"end":{"line":425,"column":7}},"type":"if","locations":[{"start":{"line":423,"column":6},"end":{"line":425,"column":7}}]},"33":{"loc":{"start":{"line":427,"column":6},"end":{"line":429,"column":7}},"type":"if","locations":[{"start":{"line":427,"column":6},"end":{"line":429,"column":7}}]},"34":{"loc":{"start":{"line":427,"column":10},"end":{"line":427,"column":92}},"type":"binary-expr","locations":[{"start":{"line":427,"column":10},"end":{"line":427,"column":36}},{"start":{"line":427,"column":41},"end":{"line":427,"column":58}},{"start":{"line":427,"column":62},"end":{"line":427,"column":91}}]}},"s":{"0":1,"1":0,"2":0,"3":0,"4":0,"5":0,"6":0,"7":0,"8":0,"9":0,"10":0,"11":0,"12":0,"13":0,"14":0,"15":0,"16":0,"17":0,"18":0,"19":0,"20":0,"21":0,"22":0,"23":0,"24":0,"25":0,"26":0,"27":0,"28":0,"29":0,"30":0,"31":0,"32":0,"33":0,"34":0,"35":0,"36":0,"37":0,"38":0,"39":0,"40":0,"41":0,"42":0,"43":0,"44":0,"45":0,"46":0,"47":0,"48":0,"49":0,"50":0,"51":0,"52":0,"53":0,"54":0,"55":0,"56":0,"57":0,"58":0,"59":0,"60":0,"61":0,"62":0,"63":0,"64":0,"65":0,"66":0,"67":0,"68":0,"69":0,"70":0,"71":0,"72":0,"73":0,"74":0,"75":0,"76":0,"77":0,"78":0,"79":0,"80":0,"81":0,"82":0,"83":0,"84":0,"85":0,"86":0,"87":0,"88":0,"89":0,"90":0,"91":0,"92":0,"93":0,"94":0,"95":0,"96":0,"97":0,"98":0,"99":0,"100":0,"101":0,"102":0,"103":0,"104":0,"105":0,"106":0,"107":0,"108":0,"109":0,"110":0,"111":0,"112":0,"113":0,"114":0,"115":0,"116":0,"117":0,"118":0,"119":1,"120":1,"121":1},"f":{"0":0,"1":0,"2":0,"3":0,"4":0,"5":0,"6":0,"7":0,"8":0,"9":0,"10":0,"11":0,"12":0,"13":0,"14":0,"15":0,"16":0,"17":0,"18":0,"19":0,"20":0,"21":0,"22":0,"23":0},"b":{"0":[0],"1":[0,0],"2":[0],"3":[0,0],"4":[0,0],"5":[0],"6":[0],"7":[0,0],"8":[0],"9":[0,0],"10":[0],"11":[0,0],"12":[0,0],"13":[0],"14":[0,0],"15":[0],"16":[0,0],"17":[0],"18":[0,0],"19":[0],"20":[0,0],"21":[0],"22":[0,0],"23":[0],"24":[0,0],"25":[0],"26":[0],"27":[0],"28":[0,0],"29":[0],"30":[0],"31":[0],"32":[0],"33":[0],"34":[0,0,0]}}
}
