TN:
SF:src\__tests__\setup.ts
FN:10,(anonymous_0)
FN:19,(anonymous_1)
FN:20,(anonymous_2)
FN:21,(anonymous_3)
FN:40,(anonymous_4)
FN:41,(anonymous_5)
FN:42,(anonymous_6)
FN:49,(anonymous_7)
FN:54,(anonymous_8)
FN:59,(anonymous_9)
FN:130,(anonymous_10)
FNF:11
FNH:10
FNDA:4,(anonymous_0)
FNDA:3,(anonymous_1)
FNDA:2,(anonymous_2)
FNDA:37,(anonymous_3)
FNDA:1,(anonymous_4)
FNDA:1,(anonymous_5)
FNDA:2,(anonymous_6)
FNDA:48,(anonymous_7)
FNDA:0,(anonymous_8)
FNDA:46,(anonymous_9)
FNDA:3,(anonymous_10)
DA:4,3
DA:5,3
DA:10,3
DA:11,4
DA:19,3
DA:20,2
DA:23,37
DA:24,37
DA:25,0
DA:26,0
DA:29,37
DA:30,36
DA:31,1
DA:32,0
DA:34,1
DA:40,3
DA:41,1
DA:43,2
DA:48,3
DA:50,48
DA:51,48
DA:55,0
DA:56,0
DA:60,46
DA:61,46
DA:66,3
DA:116,3
DA:119,3
DA:120,3
DA:130,3
DA:131,3
DA:132,3
DA:133,3
LF:33
LH:28
BRDA:24,0,0,0
BRDA:29,1,0,36
BRDA:29,1,1,1
BRDA:31,2,0,0
BRDA:31,2,1,1
BRF:5
BRH:3
end_of_record
TN:
SF:src\middleware\authenticateToken.ts
FN:9,(anonymous_1)
FN:22,(anonymous_2)
FNF:2
FNH:2
FNDA:26,(anonymous_1)
FNDA:26,(anonymous_2)
DA:2,2
DA:9,2
DA:14,26
DA:15,26
DA:17,26
DA:18,0
DA:19,0
DA:22,26
DA:23,26
DA:24,0
DA:25,0
DA:27,26
DA:28,26
DA:32,2
LF:14
LH:10
BRDA:15,0,0,26
BRDA:15,0,1,26
BRDA:17,1,0,0
BRDA:23,2,0,0
BRF:4
BRH:2
end_of_record
TN:
SF:src\routes\artists.ts
FN:16,authenticateToken
FN:25,(anonymous_2)
FN:35,(anonymous_3)
FN:89,(anonymous_4)
FNF:4
FNH:4
FNDA:6,authenticateToken
FNDA:5,(anonymous_2)
FNDA:3,(anonymous_3)
FNDA:2,(anonymous_4)
DA:1,1
DA:2,1
DA:3,1
DA:4,1
DA:6,1
DA:8,1
DA:17,6
DA:18,6
DA:20,6
DA:21,1
DA:22,1
DA:25,5
DA:26,5
DA:27,0
DA:28,0
DA:30,5
DA:31,5
DA:35,1
DA:36,3
DA:37,3
DA:38,3
DA:40,3
DA:41,3
DA:42,1
DA:43,1
DA:46,2
DA:48,2
DA:49,1
DA:55,1
DA:63,1
DA:64,1
DA:66,1
DA:71,1
DA:79,1
DA:80,1
DA:83,0
DA:84,0
DA:85,0
DA:89,1
DA:90,2
DA:91,2
DA:93,2
DA:95,2
DA:96,1
DA:97,1
DA:100,1
DA:101,1
DA:103,0
DA:104,0
DA:105,0
DA:109,1
LF:51
LH:43
BRDA:18,0,0,6
BRDA:18,0,1,5
BRDA:20,1,0,1
BRDA:25,2,0,5
BRDA:25,2,1,0
BRDA:26,3,0,0
BRDA:41,4,0,1
BRDA:48,5,0,1
BRDA:48,5,1,1
BRDA:95,6,0,1
BRF:10
BRH:8
end_of_record
TN:
SF:src\routes\content.ts
FN:16,generateErrorId
FN:20,safeParseInt
FN:66,handleServerError
FN:78,getArtistPersona
FN:113,(anonymous_5)
FN:204,(anonymous_6)
FN:246,(anonymous_7)
FN:247,(anonymous_8)
FN:250,(anonymous_9)
FN:277,(anonymous_10)
FN:328,(anonymous_11)
FN:346,(anonymous_12)
FN:377,(anonymous_13)
FN:412,(anonymous_14)
FN:446,(anonymous_15)
FN:508,(anonymous_16)
FNF:16
FNH:15
FNDA:1,generateErrorId
FNDA:2,safeParseInt
FNDA:0,handleServerError
FNDA:9,getArtistPersona
FNDA:6,(anonymous_5)
FNDA:4,(anonymous_6)
FNDA:4,(anonymous_7)
FNDA:4,(anonymous_8)
FNDA:4,(anonymous_9)
FNDA:3,(anonymous_10)
FNDA:2,(anonymous_11)
FNDA:1,(anonymous_12)
FNDA:1,(anonymous_13)
FNDA:1,(anonymous_14)
FNDA:1,(anonymous_15)
FNDA:1,(anonymous_16)
DA:2,1
DA:4,1
DA:5,1
DA:6,1
DA:7,1
DA:8,1
DA:9,1
DA:11,1
DA:17,1
DA:21,2
DA:22,2
DA:33,1
DA:42,1
DA:57,1
DA:67,0
DA:68,0
DA:69,0
DA:79,9
DA:101,9
DA:102,9
DA:113,1
DA:114,6
DA:115,6
DA:116,6
DA:117,1
DA:123,5
DA:124,5
DA:125,0
DA:128,5
DA:130,5
DA:132,5
DA:133,1
DA:137,4
DA:149,4
DA:157,4
DA:158,1
DA:159,1
DA:160,1
DA:163,0
DA:168,4
DA:169,4
DA:170,4
DA:171,1
DA:173,3
DA:176,1
DA:177,1
DA:179,1
DA:187,3
DA:188,0
DA:196,3
DA:204,3
DA:205,4
DA:212,4
DA:214,4
DA:225,4
DA:226,4
DA:227,4
DA:233,0
DA:234,0
DA:235,0
DA:245,3
DA:246,4
DA:247,4
DA:249,3
DA:250,4
DA:253,3
DA:269,0
DA:277,1
DA:278,3
DA:279,3
DA:280,3
DA:281,0
DA:284,3
DA:285,3
DA:287,3
DA:288,3
DA:289,1
DA:294,2
DA:295,2
DA:297,0
DA:298,0
DA:299,0
DA:303,2
DA:304,2
DA:313,2
DA:320,0
DA:328,1
DA:329,2
DA:330,2
DA:331,2
DA:333,2
DA:339,0
DA:346,1
DA:347,1
DA:348,1
DA:349,1
DA:350,0
DA:356,1
DA:357,1
DA:358,0
DA:364,1
DA:365,1
DA:370,0
DA:377,1
DA:378,1
DA:379,1
DA:384,1
DA:385,0
DA:391,1
DA:392,1
DA:394,1
DA:399,0
DA:400,0
DA:401,0
DA:412,1
DA:413,1
DA:414,1
DA:415,1
DA:416,1
DA:417,1
DA:418,0
DA:420,1
DA:421,0
DA:424,1
DA:425,1
DA:427,1
DA:438,0
DA:446,1
DA:447,1
DA:448,1
DA:449,1
DA:451,1
DA:452,1
DA:453,1
DA:454,1
DA:456,1
DA:457,1
DA:459,1
DA:472,1
DA:473,1
DA:475,1
DA:476,0
DA:477,0
DA:478,0
DA:481,1
DA:482,0
DA:483,0
DA:484,0
DA:487,1
DA:488,1
DA:490,1
DA:492,1
DA:501,0
DA:508,1
DA:509,1
DA:510,1
DA:511,1
DA:513,0
DA:517,1
LF:159
LH:125
BRDA:17,0,0,1
BRDA:17,0,1,0
BRDA:20,1,0,0
BRDA:21,2,0,2
BRDA:21,2,1,2
BRDA:22,3,0,2
BRDA:22,3,1,0
BRDA:102,4,0,7
BRDA:102,4,1,2
BRDA:102,5,0,9
BRDA:102,5,1,7
BRDA:116,6,0,1
BRDA:119,7,0,1
BRDA:119,7,1,0
BRDA:119,8,0,1
BRDA:119,8,1,1
BRDA:124,9,0,0
BRDA:132,10,0,1
BRDA:132,11,0,5
BRDA:132,11,1,4
BRDA:157,12,0,1
BRDA:160,13,0,1
BRDA:170,14,0,1
BRDA:170,14,1,3
BRDA:187,15,0,0
BRDA:187,16,0,3
BRDA:187,16,1,3
BRDA:206,17,0,4
BRDA:206,17,1,0
BRDA:207,18,0,4
BRDA:207,18,1,0
BRDA:207,19,0,0
BRDA:207,19,1,0
BRDA:208,20,0,4
BRDA:208,20,1,0
BRDA:209,21,0,4
BRDA:209,21,1,0
BRDA:212,22,0,4
BRDA:212,22,1,0
BRDA:217,23,0,4
BRDA:217,23,1,3
BRDA:219,24,0,4
BRDA:219,24,1,0
BRDA:219,24,2,0
BRDA:234,25,0,0
BRDA:234,25,1,0
BRDA:246,26,0,4
BRDA:246,26,1,0
BRDA:249,27,0,3
BRDA:249,27,1,0
BRDA:263,28,0,1
BRDA:263,28,1,2
BRDA:280,29,0,0
BRDA:280,30,0,3
BRDA:280,30,1,3
BRDA:285,31,0,0
BRDA:288,32,0,1
BRDA:288,33,0,3
BRDA:288,33,1,2
BRDA:303,34,0,2
BRDA:303,34,1,0
BRDA:305,35,0,1
BRDA:305,35,1,1
BRDA:306,36,0,0
BRDA:306,36,1,1
BRDA:307,37,0,0
BRDA:307,37,1,1
BRDA:308,38,0,1
BRDA:308,38,1,1
BRDA:309,39,0,2
BRDA:309,39,1,0
BRDA:310,40,0,2
BRDA:310,40,1,0
BRDA:315,41,0,0
BRDA:315,41,1,2
BRDA:330,42,0,1
BRDA:330,42,1,1
BRDA:335,43,0,2
BRDA:335,43,1,0
BRDA:336,44,0,2
BRDA:336,44,1,1
BRDA:349,45,0,0
BRDA:352,46,0,0
BRDA:352,46,1,0
BRDA:352,47,0,0
BRDA:352,47,1,0
BRDA:357,48,0,0
BRDA:357,49,0,1
BRDA:357,49,1,1
BRDA:360,50,0,0
BRDA:360,50,1,0
BRDA:384,51,0,0
BRDA:387,52,0,0
BRDA:387,52,1,0
BRDA:387,53,0,0
BRDA:387,53,1,0
BRDA:414,54,0,1
BRDA:414,54,1,0
BRDA:415,55,0,1
BRDA:415,55,1,0
BRDA:417,56,0,0
BRDA:420,57,0,0
BRDA:430,58,0,1
BRDA:430,58,1,0
BRDA:433,59,0,1
BRDA:433,59,1,1
BRDA:434,60,0,1
BRDA:434,60,1,0
BRDA:449,61,0,0
BRDA:453,62,0,0
BRDA:453,62,1,1
BRDA:454,63,0,0
BRDA:454,63,1,1
BRDA:475,64,0,0
BRDA:481,65,0,0
BRF:115
BRH:63
end_of_record
TN:
SF:src\routes\personas.ts
FN:9,authenticateToken
FN:18,(anonymous_2)
FN:94,(anonymous_3)
FN:111,(anonymous_4)
FN:195,(anonymous_5)
FN:262,updatePersonaFromResponses
FN:269,(anonymous_7)
FN:279,(anonymous_8)
FNF:8
FNH:6
FNDA:4,authenticateToken
FNDA:4,(anonymous_2)
FNDA:1,(anonymous_3)
FNDA:3,(anonymous_4)
FNDA:0,(anonymous_5)
FNDA:1,updatePersonaFromResponses
FNDA:2,(anonymous_7)
FNDA:0,(anonymous_8)
DA:1,1
DA:2,1
DA:3,1
DA:4,1
DA:6,1
DA:10,4
DA:11,4
DA:13,4
DA:14,0
DA:15,0
DA:18,4
DA:19,4
DA:20,0
DA:21,0
DA:23,4
DA:24,4
DA:29,1
DA:38,1
DA:50,1
DA:94,1
DA:95,1
DA:96,1
DA:100,1
DA:102,0
DA:103,0
DA:106,0
DA:111,1
DA:112,3
DA:113,3
DA:114,3
DA:115,1
DA:119,1
DA:122,2
DA:123,2
DA:126,2
DA:127,2
DA:129,2
DA:130,1
DA:133,1
DA:136,1
DA:139,1
DA:147,1
DA:153,1
DA:156,1
DA:157,2
DA:166,2
DA:176,1
DA:178,1
DA:183,1
DA:186,0
DA:187,0
DA:190,0
DA:195,1
DA:196,0
DA:197,0
DA:200,0
DA:223,0
DA:225,0
DA:226,0
DA:229,0
DA:232,0
DA:234,0
DA:250,0
DA:253,0
DA:254,0
DA:257,0
DA:263,1
DA:265,1
DA:266,1
DA:267,1
DA:269,1
DA:270,2
DA:272,0
DA:273,0
DA:275,1
DA:276,1
DA:278,0
DA:279,0
DA:281,0
DA:286,1
DA:296,1
DA:297,1
DA:300,0
DA:301,0
DA:305,1
LF:85
LH:55
BRDA:11,0,0,4
BRDA:11,0,1,4
BRDA:13,1,0,0
BRDA:18,2,0,4
BRDA:18,2,1,0
BRDA:19,3,0,0
BRDA:114,4,0,1
BRDA:129,5,0,1
BRDA:170,6,0,2
BRDA:170,6,1,0
BRDA:225,7,0,0
BRDA:270,8,0,0
BRDA:270,8,1,1
BRDA:270,8,2,0
BRDA:278,9,0,0
BRF:15
BRH:7
end_of_record
TN:
SF:src\routes\uploads.ts
FN:17,(anonymous_1)
FN:56,(anonymous_2)
FN:149,(anonymous_3)
FN:228,(anonymous_4)
FN:268,(anonymous_5)
FNF:5
FNH:4
FNDA:4,(anonymous_1)
FNDA:0,(anonymous_2)
FNDA:2,(anonymous_3)
FNDA:2,(anonymous_4)
FNDA:2,(anonymous_5)
DA:1,1
DA:3,1
DA:4,1
DA:5,1
DA:6,1
DA:8,1
DA:11,1
DA:17,1
DA:18,4
DA:19,4
DA:20,0
DA:23,4
DA:24,4
DA:26,4
DA:27,4
DA:29,4
DA:30,0
DA:31,0
DA:36,4
DA:38,4
DA:41,4
DA:42,4
DA:44,0
DA:45,0
DA:50,4
DA:51,4
DA:52,2
DA:53,2
DA:54,0
DA:56,2
DA:57,2
DA:58,2
DA:60,2
DA:61,0
DA:62,0
DA:63,0
DA:64,0
DA:65,0
DA:66,0
DA:67,0
DA:78,4
DA:79,2
DA:80,2
DA:85,2
DA:93,2
DA:99,2
DA:101,1
DA:102,1
DA:103,1
DA:104,1
DA:113,1
DA:120,1
DA:122,0
DA:126,1
DA:128,1
DA:138,1
DA:139,1
DA:141,1
DA:142,1
DA:149,1
DA:150,2
DA:151,2
DA:152,0
DA:155,2
DA:156,2
DA:158,2
DA:160,2
DA:166,2
DA:168,2
DA:169,1
DA:170,1
DA:175,1
DA:177,1
DA:180,1
DA:181,1
DA:182,1
DA:184,0
DA:185,0
DA:190,1
DA:197,1
DA:204,1
DA:206,1
DA:217,0
DA:218,0
DA:220,0
DA:221,0
DA:228,1
DA:229,2
DA:230,2
DA:231,2
DA:232,0
DA:235,2
DA:252,2
DA:254,2
DA:260,0
DA:261,0
DA:268,1
DA:269,2
DA:270,2
DA:271,2
DA:272,0
DA:274,2
DA:276,2
DA:284,2
DA:286,2
DA:287,1
DA:292,1
DA:293,1
DA:295,1
DA:301,0
DA:302,0
DA:308,1
LF:112
LH:85
BRDA:19,0,0,0
BRDA:29,1,0,0
BRDA:51,2,0,2
BRDA:51,2,1,2
BRDA:51,3,0,4
BRDA:51,3,1,4
BRDA:51,3,2,4
BRDA:53,4,0,0
BRDA:53,4,1,2
BRDA:53,5,0,2
BRDA:53,5,1,0
BRDA:56,6,0,0
BRDA:56,6,1,2
BRDA:61,7,0,0
BRDA:61,7,1,0
BRDA:61,8,0,0
BRDA:61,8,1,0
BRDA:64,9,0,0
BRDA:64,10,0,0
BRDA:64,10,1,0
BRDA:66,11,0,0
BRDA:66,12,0,0
BRDA:66,12,1,0
BRDA:78,13,0,2
BRDA:117,14,0,1
BRDA:117,14,1,0
BRDA:118,15,0,1
BRDA:118,15,1,1
BRDA:138,16,0,1
BRDA:151,17,0,0
BRDA:168,18,0,1
BRDA:168,19,0,2
BRDA:168,19,1,2
BRDA:182,20,0,1
BRDA:182,20,1,0
BRDA:200,21,0,1
BRDA:200,21,1,1
BRDA:201,22,0,1
BRDA:201,22,1,1
BRDA:213,23,0,1
BRDA:213,23,1,1
BRDA:217,24,0,0
BRDA:231,25,0,0
BRDA:271,26,0,0
BRDA:286,27,0,1
BRF:45
BRH:24
end_of_record
TN:
SF:src\routes\users.ts
FN:25,(anonymous_1)
FN:92,(anonymous_2)
FN:161,(anonymous_3)
FN:211,authenticateToken
FN:223,(anonymous_5)
FNF:5
FNH:5
FNDA:4,(anonymous_1)
FNDA:3,(anonymous_2)
FNDA:1,(anonymous_3)
FNDA:3,authenticateToken
FNDA:2,(anonymous_5)
DA:1,1
DA:2,1
DA:3,1
DA:4,1
DA:5,1
DA:7,1
DA:12,1
DA:17,1
DA:25,1
DA:26,4
DA:28,4
DA:29,4
DA:30,2
DA:34,2
DA:37,2
DA:40,2
DA:41,2
DA:43,2
DA:44,1
DA:47,1
DA:51,1
DA:52,1
DA:55,1
DA:61,1
DA:62,1
DA:65,1
DA:71,1
DA:82,0
DA:83,0
DA:92,1
DA:93,3
DA:95,3
DA:96,3
DA:97,0
DA:101,0
DA:104,3
DA:108,3
DA:109,3
DA:111,3
DA:112,1
DA:115,1
DA:118,2
DA:121,2
DA:122,2
DA:123,1
DA:126,1
DA:131,1
DA:132,1
DA:135,1
DA:141,1
DA:151,0
DA:152,0
DA:161,1
DA:162,1
DA:163,1
DA:165,1
DA:173,1
DA:175,1
DA:176,0
DA:177,0
DA:180,1
DA:181,1
DA:201,0
DA:202,0
DA:212,3
DA:213,3
DA:215,3
DA:216,1
DA:217,1
DA:220,2
DA:224,2
DA:225,1
DA:226,1
DA:228,1
DA:229,1
DA:234,1
LF:76
LH:66
BRDA:29,0,0,2
BRDA:43,1,0,1
BRDA:67,2,0,1
BRDA:67,2,1,0
BRDA:96,3,0,0
BRDA:111,4,0,1
BRDA:122,5,0,1
BRDA:137,6,0,1
BRDA:137,6,1,0
BRDA:175,7,0,0
BRDA:189,8,0,1
BRDA:189,8,1,0
BRDA:213,9,0,3
BRDA:213,9,1,2
BRDA:215,10,0,1
BRDA:222,11,0,2
BRDA:222,11,1,0
BRDA:224,12,0,1
BRF:18
BRH:12
end_of_record
TN:
SF:src\services\aiService.ts
FN:73,(anonymous_1)
FN:82,(anonymous_2)
FN:88,(anonymous_3)
FN:105,(anonymous_4)
FN:143,(anonymous_5)
FN:157,(anonymous_6)
FN:178,(anonymous_7)
FN:215,(anonymous_8)
FN:229,(anonymous_9)
FN:300,(anonymous_10)
FN:339,(anonymous_11)
FN:358,(anonymous_12)
FN:378,(anonymous_13)
FN:379,(anonymous_14)
FN:380,(anonymous_15)
FN:396,(anonymous_16)
FN:411,(anonymous_17)
FN:424,(anonymous_18)
FN:439,(anonymous_19)
FN:445,(anonymous_20)
FN:466,(anonymous_21)
FN:478,(anonymous_22)
FN:483,(anonymous_23)
FNF:23
FNH:0
FNDA:0,(anonymous_1)
FNDA:0,(anonymous_2)
FNDA:0,(anonymous_3)
FNDA:0,(anonymous_4)
FNDA:0,(anonymous_5)
FNDA:0,(anonymous_6)
FNDA:0,(anonymous_7)
FNDA:0,(anonymous_8)
FNDA:0,(anonymous_9)
FNDA:0,(anonymous_10)
FNDA:0,(anonymous_11)
FNDA:0,(anonymous_12)
FNDA:0,(anonymous_13)
FNDA:0,(anonymous_14)
FNDA:0,(anonymous_15)
FNDA:0,(anonymous_16)
FNDA:0,(anonymous_17)
FNDA:0,(anonymous_18)
FNDA:0,(anonymous_19)
FNDA:0,(anonymous_20)
FNDA:0,(anonymous_21)
FNDA:0,(anonymous_22)
FNDA:0,(anonymous_23)
DA:1,1
DA:2,1
DA:3,1
DA:4,1
DA:7,1
DA:8,1
DA:13,1
DA:19,1
DA:74,0
DA:78,0
DA:83,0
DA:84,0
DA:89,0
DA:90,0
DA:92,0
DA:93,0
DA:94,0
DA:97,0
DA:98,0
DA:99,0
DA:102,0
DA:104,0
DA:105,0
DA:107,0
DA:119,0
DA:122,0
DA:124,0
DA:126,0
DA:143,0
DA:146,0
DA:148,0
DA:151,0
DA:152,0
DA:158,0
DA:159,0
DA:162,0
DA:163,0
DA:165,0
DA:166,0
DA:167,0
DA:170,0
DA:171,0
DA:172,0
DA:174,0
DA:175,0
DA:177,0
DA:178,0
DA:179,0
DA:193,0
DA:195,0
DA:196,0
DA:198,0
DA:215,0
DA:218,0
DA:220,0
DA:223,0
DA:224,0
DA:230,0
DA:231,0
DA:233,0
DA:234,0
DA:237,0
DA:239,0
DA:249,0
DA:252,0
DA:255,0
DA:258,0
DA:265,0
DA:266,0
DA:267,0
DA:270,0
DA:271,0
DA:272,0
DA:275,0
DA:276,0
DA:277,0
DA:281,0
DA:283,0
DA:286,0
DA:288,0
DA:301,0
DA:302,0
DA:304,0
DA:305,0
DA:307,0
DA:309,0
DA:310,0
DA:312,0
DA:313,0
DA:315,0
DA:316,0
DA:318,0
DA:319,0
DA:321,0
DA:322,0
DA:324,0
DA:327,0
DA:328,0
DA:330,0
DA:333,0
DA:335,0
DA:340,0
DA:359,0
DA:361,0
DA:363,0
DA:365,0
DA:367,0
DA:369,0
DA:371,0
DA:373,0
DA:379,0
DA:380,0
DA:381,0
DA:383,0
DA:385,0
DA:386,0
DA:389,0
DA:392,0
DA:397,0
DA:398,0
DA:400,0
DA:402,0
DA:403,0
DA:404,0
DA:407,0
DA:412,0
DA:415,0
DA:424,0
DA:425,0
DA:429,0
DA:430,0
DA:431,0
DA:432,0
DA:435,0
DA:440,0
DA:443,0
DA:444,0
DA:445,0
DA:446,0
DA:449,0
DA:450,0
DA:455,0
DA:456,0
DA:463,0
DA:464,0
DA:466,0
DA:467,0
DA:470,0
DA:471,0
DA:474,0
DA:479,0
DA:484,0
DA:489,1
DA:490,1
LF:154
LH:10
BRDA:9,0,0,1
BRDA:9,0,1,0
BRDA:14,1,0,1
BRDA:14,1,1,0
BRDA:21,2,0,1
BRDA:21,2,1,0
BRDA:92,3,0,0
BRDA:98,4,0,0
BRDA:98,4,1,0
BRDA:108,5,0,0
BRDA:108,5,1,0
BRDA:111,6,0,0
BRDA:111,6,1,0
BRDA:119,7,0,0
BRDA:119,7,1,0
BRDA:122,8,0,0
BRDA:133,9,0,0
BRDA:133,9,1,0
BRDA:158,10,0,0
BRDA:158,11,0,0
BRDA:158,11,1,0
BRDA:165,12,0,0
BRDA:171,13,0,0
BRDA:171,13,1,0
BRDA:185,14,0,0
BRDA:185,14,1,0
BRDA:195,15,0,0
BRDA:205,16,0,0
BRDA:205,16,1,0
BRDA:233,17,0,0
BRDA:265,18,0,0
BRDA:270,19,0,0
BRDA:275,20,0,0
BRDA:301,21,0,0
BRDA:301,21,1,0
BRDA:302,22,0,0
BRDA:302,22,1,0
BRDA:304,23,0,0
BRDA:304,23,1,0
BRDA:307,24,0,0
BRDA:307,24,1,0
BRDA:307,24,2,0
BRDA:307,24,3,0
BRDA:307,24,4,0
BRDA:307,24,5,0
BRDA:327,25,0,0
BRDA:327,25,1,0
BRDA:343,26,0,0
BRDA:343,26,1,0
BRDA:344,27,0,0
BRDA:344,27,1,0
BRDA:345,28,0,0
BRDA:345,28,1,0
BRDA:359,29,0,0
BRDA:359,29,1,0
BRDA:361,30,0,0
BRDA:361,30,1,0
BRDA:361,30,2,0
BRDA:361,30,3,0
BRDA:361,30,4,0
BRDA:361,30,5,0
BRDA:383,31,0,0
BRDA:383,32,0,0
BRDA:383,32,1,0
BRDA:397,33,0,0
BRDA:397,33,1,0
BRDA:402,34,0,0
BRDA:402,34,1,0
BRDA:403,35,0,0
BRDA:403,36,0,0
BRDA:403,36,1,0
BRDA:425,37,0,0
BRDA:431,38,0,0
BRDA:431,39,0,0
BRDA:431,39,1,0
BRDA:443,40,0,0
BRDA:449,41,0,0
BRDA:463,42,0,0
BRDA:463,42,1,0
BRDA:464,43,0,0
BRDA:464,43,1,0
BRDA:470,44,0,0
BRF:82
BRH:3
end_of_record
TN:
SF:src\services\templateService.ts
FN:140,(anonymous_1)
FN:152,(anonymous_2)
FN:183,(anonymous_3)
FN:199,(anonymous_4)
FN:206,(anonymous_5)
FN:221,(anonymous_6)
FN:222,(anonymous_7)
FN:230,(anonymous_8)
FN:237,(anonymous_9)
FN:247,(anonymous_10)
FN:267,(anonymous_11)
FN:272,(anonymous_12)
FN:302,(anonymous_13)
FN:314,(anonymous_14)
FN:340,(anonymous_15)
FN:353,(anonymous_16)
FN:360,(anonymous_17)
FN:378,(anonymous_18)
FN:383,(anonymous_19)
FN:401,(anonymous_20)
FN:403,(anonymous_21)
FN:406,(anonymous_22)
FN:412,(anonymous_23)
FN:418,(anonymous_24)
FNF:24
FNH:0
FNDA:0,(anonymous_1)
FNDA:0,(anonymous_2)
FNDA:0,(anonymous_3)
FNDA:0,(anonymous_4)
FNDA:0,(anonymous_5)
FNDA:0,(anonymous_6)
FNDA:0,(anonymous_7)
FNDA:0,(anonymous_8)
FNDA:0,(anonymous_9)
FNDA:0,(anonymous_10)
FNDA:0,(anonymous_11)
FNDA:0,(anonymous_12)
FNDA:0,(anonymous_13)
FNDA:0,(anonymous_14)
FNDA:0,(anonymous_15)
FNDA:0,(anonymous_16)
FNDA:0,(anonymous_17)
FNDA:0,(anonymous_18)
FNDA:0,(anonymous_19)
FNDA:0,(anonymous_20)
FNDA:0,(anonymous_21)
FNDA:0,(anonymous_22)
FNDA:0,(anonymous_23)
FNDA:0,(anonymous_24)
DA:1,1
DA:30,1
DA:141,0
DA:142,0
DA:143,0
DA:145,0
DA:147,0
DA:153,0
DA:168,0
DA:179,0
DA:184,0
DA:185,0
DA:187,0
DA:188,0
DA:189,0
DA:192,0
DA:194,0
DA:195,0
DA:200,0
DA:201,0
DA:202,0
DA:211,0
DA:212,0
DA:213,0
DA:216,0
DA:217,0
DA:220,0
DA:221,0
DA:222,0
DA:224,0
DA:225,0
DA:229,0
DA:230,0
DA:231,0
DA:232,0
DA:237,0
DA:238,0
DA:239,0
DA:243,0
DA:244,0
DA:245,0
DA:247,0
DA:248,0
DA:253,0
DA:258,0
DA:268,0
DA:269,0
DA:270,0
DA:272,0
DA:273,0
DA:274,0
DA:275,0
DA:277,0
DA:278,0
DA:280,0
DA:283,0
DA:284,0
DA:287,0
DA:288,0
DA:290,0
DA:297,0
DA:298,0
DA:303,0
DA:309,0
DA:310,0
DA:315,0
DA:327,0
DA:328,0
DA:329,0
DA:330,0
DA:333,0
DA:335,0
DA:336,0
DA:346,0
DA:348,0
DA:349,0
DA:353,0
DA:354,0
DA:357,0
DA:360,0
DA:361,0
DA:362,0
DA:366,0
DA:367,0
DA:369,0
DA:370,0
DA:371,0
DA:373,0
DA:377,0
DA:378,0
DA:384,0
DA:387,0
DA:388,0
DA:391,0
DA:392,0
DA:395,0
DA:396,0
DA:400,0
DA:401,0
DA:403,0
DA:406,0
DA:407,0
DA:408,0
DA:412,0
DA:413,0
DA:414,0
DA:418,0
DA:419,0
DA:420,0
DA:423,0
DA:424,0
DA:427,0
DA:428,0
DA:432,0
DA:440,1
DA:441,1
LF:116
LH:4
BRDA:187,0,0,0
BRDA:202,1,0,0
BRDA:202,1,1,0
BRDA:212,2,0,0
BRDA:216,3,0,0
BRDA:216,3,1,0
BRDA:221,4,0,0
BRDA:221,4,1,0
BRDA:224,5,0,0
BRDA:231,6,0,0
BRDA:231,7,0,0
BRDA:231,7,1,0
BRDA:244,8,0,0
BRDA:273,9,0,0
BRDA:273,9,1,0
BRDA:283,10,0,0
BRDA:298,11,0,0
BRDA:298,11,1,0
BRDA:310,12,0,0
BRDA:310,12,1,0
BRDA:328,13,0,0
BRDA:336,14,0,0
BRDA:336,14,1,0
BRDA:348,15,0,0
BRDA:357,16,0,0
BRDA:357,16,1,0
BRDA:360,17,0,0
BRDA:367,18,0,0
BRDA:367,18,1,0
BRDA:369,19,0,0
BRDA:369,20,0,0
BRDA:369,20,1,0
BRDA:370,21,0,0
BRDA:370,22,0,0
BRDA:370,22,1,0
BRDA:371,23,0,0
BRDA:371,24,0,0
BRDA:371,24,1,0
BRDA:387,25,0,0
BRDA:391,26,0,0
BRDA:395,27,0,0
BRDA:400,28,0,0
BRDA:400,28,1,0
BRDA:407,29,0,0
BRDA:413,30,0,0
BRDA:419,31,0,0
BRDA:423,32,0,0
BRDA:427,33,0,0
BRDA:427,34,0,0
BRDA:427,34,1,0
BRDA:427,34,2,0
BRF:51
BRH:0
end_of_record
